Target label 100 (intensities: 40-60) converged in 487 iterations.
Initializing Time: 0.207231
Processing Time: 0.274362
Total Time: 0.481598
Target label 200 (intensities: 40-60) converged in 507 iterations.
Initializing Time: 0.208913
Processing Time: 0.282618
Total Time: 0.491535
Target label 50 (intensities: 40-60) converged in 491 iterations.
Initializing Time: 0.206571
Processing Time: 0.291225
Total Time: 0.497802
Target label 150 (intensities: 40-60) converged in 505 iterations.
Initializing Time: 0.209440
Processing Time: 0.295685
Total Time: 0.505129
Target label 250 (intensities: 90-110) converged in 256 iterations.
Initializing Time: 0.217793
Processing Time: 0.509448
Total Time: 0.727245

Total Execution Time for LSS algorithm was: 732.966900 ms

