Target label 100 (intensities: 40-60) converged in 487 iterations.
Initializing Time: 0.202071
Processing Time: 0.274269
Total Time: 0.476345
Target label 200 (intensities: 40-60) converged in 507 iterations.
Initializing Time: 0.195461
Processing Time: 0.280946
Total Time: 0.476411
Target label 50 (intensities: 40-60) converged in 491 iterations.
Initializing Time: 0.201216
Processing Time: 0.292280
Total Time: 0.493502
Target label 150 (intensities: 40-60) converged in 505 iterations.
Initializing Time: 0.196739
Processing Time: 0.296940
Total Time: 0.493682
Target label 250 (intensities: 90-110) converged in 256 iterations.
Initializing Time: 0.204583
Processing Time: 0.500107
Total Time: 0.704694

Total Execution Time for LSS algorithm was: 714.516643 ms

