Target label 50 (intensities: 40-60) converged in 491 iterations.
Initializing Time: 0.181797
Processing Time: 0.290278
Total Time: 0.472081
Target label 200 (intensities: 40-60) converged in 507 iterations.
Initializing Time: 0.190699
Processing Time: 0.283816
Total Time: 0.474520
Target label 100 (intensities: 40-60) converged in 487 iterations.
Initializing Time: 0.202403
Processing Time: 0.284041
Total Time: 0.486451
Target label 150 (intensities: 40-60) converged in 505 iterations.
Initializing Time: 0.191187
Processing Time: 0.295656
Total Time: 0.486848
Target label 250 (intensities: 90-110) converged in 256 iterations.
Initializing Time: 0.200338
Processing Time: 0.507790
Total Time: 0.708132

Total Execution Time for LSS algorithm was: 718.656106 ms

