Target label 50 (intensities: 40-60) converged in 491 iterations.
Initializing Time: 0.189447
Processing Time: 0.286003
Total Time: 0.475455
Target label 200 (intensities: 40-60) converged in 507 iterations.
Initializing Time: 0.195737
Processing Time: 0.280050
Total Time: 0.475791
Target label 100 (intensities: 40-60) converged in 487 iterations.
Initializing Time: 0.209761
Processing Time: 0.284245
Total Time: 0.494011
Target label 150 (intensities: 40-60) converged in 505 iterations.
Initializing Time: 0.199248
Processing Time: 0.295621
Total Time: 0.494873
Target label 250 (intensities: 90-110) converged in 256 iterations.
Initializing Time: 0.206914
Processing Time: 0.454992
Total Time: 0.661910

Total Execution Time for LSS algorithm was: 669.779124 ms

