Target label 100 (intensities: 40-60) converged in 487 iterations.
Initializing Time: 0.188987
Processing Time: 0.276438
Total Time: 0.465430
Target label 150 (intensities: 40-60) converged in 505 iterations.
Initializing Time: 0.172835
Processing Time: 0.298093
Total Time: 0.470931
Target label 200 (intensities: 40-60) converged in 507 iterations.
Initializing Time: 0.191706
Processing Time: 0.280660
Total Time: 0.472371
Target label 50 (intensities: 40-60) converged in 491 iterations.
Initializing Time: 0.189928
Processing Time: 0.297086
Total Time: 0.487019
Target label 250 (intensities: 90-110) converged in 256 iterations.
Initializing Time: 0.194673
Processing Time: 0.497832
Total Time: 0.692508

Total Execution Time for LSS algorithm was: 699.589361 ms

