Target label 100 (intensities: 40-60) converged in 487 iterations.
Initializing Time: 0.200040
Processing Time: 0.275358
Total Time: 0.475403
Target label 150 (intensities: 40-60) converged in 505 iterations.
Initializing Time: 0.198637
Processing Time: 0.296676
Total Time: 0.495317
Target label 200 (intensities: 40-60) converged in 507 iterations.
Initializing Time: 0.208109
Processing Time: 0.288363
Total Time: 0.496477
Target label 50 (intensities: 40-60) converged in 491 iterations.
Initializing Time: 0.204465
Processing Time: 0.303123
Total Time: 0.507593
Target label 250 (intensities: 90-110) converged in 256 iterations.
Initializing Time: 0.199297
Processing Time: 0.522488
Total Time: 0.721789

Total Execution Time for LSS algorithm was: 732.779206 ms

