Target label 100 (intensities: 40-60) converged in 487 iterations.
Initializing Time: 0.194510
Processing Time: 0.273708
Total Time: 0.468223
Target label 200 (intensities: 40-60) converged in 507 iterations.
Initializing Time: 0.200735
Processing Time: 0.281408
Total Time: 0.482148
Target label 50 (intensities: 40-60) converged in 491 iterations.
Initializing Time: 0.192557
Processing Time: 0.293722
Total Time: 0.486285
Target label 150 (intensities: 40-60) converged in 505 iterations.
Initializing Time: 0.202532
Processing Time: 0.298914
Total Time: 0.501454
Target label 250 (intensities: 90-110) converged in 256 iterations.
Initializing Time: 0.205312
Processing Time: 0.535162
Total Time: 0.740480

Total Execution Time for LSS algorithm was: 751.031448 ms

