Target label 100 (intensities: 40-60) converged in 487 iterations.
Initializing Time: 0.196615
Processing Time: 0.273788
Total Time: 0.470407
Target label 200 (intensities: 40-60) converged in 507 iterations.
Initializing Time: 0.189066
Processing Time: 0.282022
Total Time: 0.471093
Target label 150 (intensities: 40-60) converged in 505 iterations.
Initializing Time: 0.188558
Processing Time: 0.299423
Total Time: 0.487985
Target label 50 (intensities: 40-60) converged in 491 iterations.
Initializing Time: 0.199583
Processing Time: 0.300214
Total Time: 0.499802
Target label 250 (intensities: 90-110) converged in 256 iterations.
Initializing Time: 0.200650
Processing Time: 0.503822
Total Time: 0.704477

Total Execution Time for LSS algorithm was: 710.861843 ms

