Target label 100 (intensities: 40-60) converged in 487 iterations.
Initializing Time: 0.188301
Processing Time: 0.275912
Total Time: 0.464218
Target label 200 (intensities: 40-60) converged in 507 iterations.
Initializing Time: 0.193094
Processing Time: 0.290262
Total Time: 0.483360
Target label 150 (intensities: 40-60) converged in 505 iterations.
Initializing Time: 0.190318
Processing Time: 0.295523
Total Time: 0.485845
Target label 50 (intensities: 40-60) converged in 491 iterations.
Initializing Time: 0.189589
Processing Time: 0.298732
Total Time: 0.488326
Target label 250 (intensities: 90-110) converged in 256 iterations.
Initializing Time: 0.187888
Processing Time: 0.507187
Total Time: 0.695079

Total Execution Time for LSS algorithm was: 706.118583 ms

