Target label 200 (intensities: 40-60) converged in 507 iterations.
Initializing Time: 0.134328
Processing Time: 0.139715
Total Time: 0.274048
Target label 100 (intensities: 40-60) converged in 487 iterations.
Initializing Time: 0.183613
Processing Time: 0.272893
Total Time: 0.456510
Target label 50 (intensities: 40-60) converged in 491 iterations.
Initializing Time: 0.182722
Processing Time: 0.294755
Total Time: 0.477483
Target label 150 (intensities: 40-60) converged in 505 iterations.
Initializing Time: 0.185729
Processing Time: 0.296186
Total Time: 0.481919
Target label 250 (intensities: 90-110) converged in 256 iterations.
Initializing Time: 0.141324
Processing Time: 0.405774
Total Time: 0.547103

Total Execution Time for LSS algorithm was: 555.334287 ms

