Target label 150 (intensities: 40-60) converged in 505 iterations.
Initializing Time: 0.129218
Processing Time: 0.138878
Total Time: 0.268098
Target label 50 (intensities: 40-60) converged in 491 iterations.
Initializing Time: 0.127043
Processing Time: 0.145257
Total Time: 0.272303
Target label 200 (intensities: 40-60) converged in 507 iterations.
Initializing Time: 0.131793
Processing Time: 0.272267
Total Time: 0.404063
Target label 100 (intensities: 40-60) converged in 487 iterations.
Initializing Time: 0.186550
Processing Time: 0.282856
Total Time: 0.469410
Target label 250 (intensities: 90-110) converged in 256 iterations.
Initializing Time: 0.133578
Processing Time: 0.339378
Total Time: 0.472959

Total Execution Time for LSS algorithm was: 477.255362 ms

