Target label 100 (intensities: 40-60) converged in 487 iterations.
Initializing Time: 0.213078
Processing Time: 0.278967
Total Time: 0.492049
Target label 200 (intensities: 40-60) converged in 507 iterations.
Initializing Time: 0.216348
Processing Time: 0.284750
Total Time: 0.501102
Target label 50 (intensities: 40-60) converged in 491 iterations.
Initializing Time: 0.211632
Processing Time: 0.295448
Total Time: 0.507086
Target label 150 (intensities: 40-60) converged in 505 iterations.
Initializing Time: 0.211924
Processing Time: 0.298167
Total Time: 0.510095
Target label 250 (intensities: 90-110) converged in 256 iterations.
Initializing Time: 0.221125
Processing Time: 0.520117
Total Time: 0.741245

Total Execution Time for LSS algorithm was: 751.500989 ms

