Target label 150 (intensities: 40-60) converged in 505 iterations.
Initializing Time: 0.131272
Processing Time: 0.131309
Total Time: 0.262583
Target label 50 (intensities: 40-60) converged in 491 iterations.
Initializing Time: 0.130446
Processing Time: 0.132253
Total Time: 0.262702
Target label 250 (intensities: 90-110) converged in 256 iterations.
Initializing Time: 0.132877
Processing Time: 0.303872
Total Time: 0.436751
Target label 100 (intensities: 40-60) converged in 487 iterations.
Initializing Time: 0.179703
Processing Time: 0.276059
Total Time: 0.455767
Target label 200 (intensities: 40-60) converged in 507 iterations.
Initializing Time: 0.182217
Processing Time: 0.280105
Total Time: 0.462326

Total Execution Time for LSS algorithm was: 470.631185 ms

