Target label 100 (intensities: 40-60) converged in 487 iterations.
Initializing Time: 0.197218
Processing Time: 0.273761
Total Time: 0.470983
Target label 200 (intensities: 40-60) converged in 507 iterations.
Initializing Time: 0.202870
Processing Time: 0.289623
Total Time: 0.492497
Target label 50 (intensities: 40-60) converged in 491 iterations.
Initializing Time: 0.191680
Processing Time: 0.300996
Total Time: 0.492681
Target label 150 (intensities: 40-60) converged in 505 iterations.
Initializing Time: 0.196690
Processing Time: 0.296604
Total Time: 0.493298
Target label 250 (intensities: 90-110) converged in 256 iterations.
Initializing Time: 0.201331
Processing Time: 0.462106
Total Time: 0.663440

Total Execution Time for LSS algorithm was: 669.569621 ms

