Target label 50 (intensities: 40-60) converged in 491 iterations.
Initializing Time: 0.122545
Processing Time: 0.142320
Total Time: 0.264869
Target label 150 (intensities: 40-60) converged in 505 iterations.
Initializing Time: 0.124302
Processing Time: 0.142385
Total Time: 0.266689
Target label 200 (intensities: 40-60) converged in 507 iterations.
Initializing Time: 0.126080
Processing Time: 0.261744
Total Time: 0.387827
Target label 100 (intensities: 40-60) converged in 487 iterations.
Initializing Time: 0.174103
Processing Time: 0.273473
Total Time: 0.447580
Target label 250 (intensities: 90-110) converged in 256 iterations.
Initializing Time: 0.129130
Processing Time: 0.375674
Total Time: 0.504807

Total Execution Time for LSS algorithm was: 508.233642 ms

