Target label 100 (intensities: 40-60) converged in 487 iterations.
Initializing Time: 0.192282
Processing Time: 0.275132
Total Time: 0.467418
Target label 50 (intensities: 40-60) converged in 491 iterations.
Initializing Time: 0.189378
Processing Time: 0.288250
Total Time: 0.477634
Target label 200 (intensities: 40-60) converged in 507 iterations.
Initializing Time: 0.198021
Processing Time: 0.280327
Total Time: 0.478353
Target label 150 (intensities: 40-60) converged in 505 iterations.
Initializing Time: 0.193634
Processing Time: 0.297755
Total Time: 0.491394
Target label 250 (intensities: 90-110) converged in 256 iterations.
Initializing Time: 0.201877
Processing Time: 0.524041
Total Time: 0.725921

Total Execution Time for LSS algorithm was: 736.078422 ms

