Target label 50 (intensities: 40-60) converged in 491 iterations.
Initializing Time: 0.138907
Processing Time: 0.138351
Total Time: 0.277263
Target label 100 (intensities: 40-60) converged in 487 iterations.
Initializing Time: 0.184244
Processing Time: 0.276164
Total Time: 0.460413
Target label 200 (intensities: 40-60) converged in 507 iterations.
Initializing Time: 0.177404
Processing Time: 0.283770
Total Time: 0.461178
Target label 150 (intensities: 40-60) converged in 505 iterations.
Initializing Time: 0.187324
Processing Time: 0.300479
Total Time: 0.487807
Target label 250 (intensities: 90-110) converged in 256 iterations.
Initializing Time: 0.190217
Processing Time: 0.544224
Total Time: 0.734444

Total Execution Time for LSS algorithm was: 738.278639 ms

