Target label 200 (intensities: 40-60) converged in 507 iterations.
Initializing Time: 0.195268
Processing Time: 0.262073
Total Time: 0.457345
Target label 150 (intensities: 40-60) converged in 505 iterations.
Initializing Time: 0.190910
Processing Time: 0.280417
Total Time: 0.471331
Target label 100 (intensities: 40-60) converged in 487 iterations.
Initializing Time: 0.206006
Processing Time: 0.275606
Total Time: 0.481617
Target label 50 (intensities: 40-60) converged in 491 iterations.
Initializing Time: 0.214906
Processing Time: 0.299555
Total Time: 0.514465
Target label 250 (intensities: 90-110) converged in 256 iterations.
Initializing Time: 0.204268
Processing Time: 0.517040
Total Time: 0.721312

Total Execution Time for LSS algorithm was: 726.711815 ms

