Target label 60 (intensities: 100-255) converged in 37 iterations.
Initializing Time: 0.155922
Processing Time: 0.037485
Total Time: 0.193413
Target label 80 (intensities: 100-255) converged in 35 iterations.
Initializing Time: 0.167647
Processing Time: 0.025776
Total Time: 0.193428
Target label 140 (intensities: 100-255) converged in 41 iterations.
Target label 180 (intensities: 100-255) converged in 59 iterations.
Initializing Time: 0.183760
Processing Time: 0.009696
Total Time: 0.193461
Target label 160 (intensities: 100-255) converged in 50 iterations.
Initializing Time: 0.176049
Target label 100 (intensities: 100-255) converged in 43 iterations.
Target label 220 (intensities: 100-255) converged in 45 iterations.
Initializing Time: 0.172420
Processing Time: 0.021102
Processing Time: 0.017445
Total Time: 0.193552
Initializing Time: 0.172144
Target label 240 (intensities: 100-255) converged in 46 iterations.
Total Time: 0.193530
Initializing Time: 0.172435
Processing Time: 0.021425
Total Time: 0.193594
Processing Time: 0.021130
Total Time: 0.193592
Initializing Time: 0.180774
Processing Time: 0.012847
Total Time: 0.193625
Target label 120 (intensities: 100-255) converged in 50 iterations.
Initializing Time: 0.190715
Processing Time: 0.004424
Total Time: 0.195143
Target label 200 (intensities: 100-255) converged in 20 iterations.
Initializing Time: 0.211606
Processing Time: 0.000826
Total Time: 0.212436

Total Execution Time for LSS algorithm was: 218.351056 ms

