Target label 60 (intensities: 100-255) converged in 37 iterations.
Initializing Time: 0.165809
Processing Time: 0.007018
Total Time: 0.172833
Target label 100 (intensities: 100-255) converged in 43 iterations.
Initializing Time: 0.175696
Processing Time: 0.005564
Total Time: 0.181264
Target label 240 (intensities: 100-255) converged in 46 iterations.
Initializing Time: 0.178047
Processing Time: 0.003747
Total Time: 0.181798
Target label 220 (intensities: 100-255) converged in 45 iterations.
Initializing Time: 0.192565
Processing Time: 0.013378
Total Time: 0.205948
Target label 140 (intensities: 100-255) converged in 41 iterations.
Initializing Time: 0.192176
Processing Time: 0.016908
Total Time: 0.209088
Target label 200 (intensities: 100-255) converged in 20 iterations.
Initializing Time: 0.202021
Processing Time: 0.007373
Total Time: 0.209398
Target label 120 (intensities: 100-255) converged in 50 iterations.
Initializing Time: 0.189504
Processing Time: 0.020016
Total Time: 0.209524
Target label 160 (intensities: 100-255) converged in 50 iterations.
Initializing Time: 0.192601
Processing Time: 0.017226
Total Time: 0.209831
Target label 180 (intensities: 100-255) converged in 59 iterations.
Initializing Time: 0.194207
Processing Time: 0.015612
Total Time: 0.209823
Target label 80 (intensities: 100-255) converged in 35 iterations.
Initializing Time: 0.224387
Processing Time: 0.002137
Total Time: 0.226527

Total Execution Time for LSS algorithm was: 232.472662 ms

