Target label 60 (intensities: 100-255) converged in 37 iterations.
Initializing Time: 0.168970
Processing Time: 0.006962
Total Time: 0.175938
Target label 100 (intensities: 100-255) converged in 43 iterations.
Initializing Time: 0.185843
Processing Time: 0.011657
Total Time: 0.197504
Target label 80 (intensities: 100-255) converged in 35 iterations.
Initializing Time: 0.185307
Processing Time: 0.013985
Total Time: 0.199296
Target label 220 (intensities: 100-255) converged in 45 iterations.
Initializing Time: 0.192110
Processing Time: 0.007825
Total Time: 0.199939
Target label 240 (intensities: 100-255) converged in 46 iterations.
Initializing Time: 0.191156
Processing Time: 0.009142
Total Time: 0.200303
Target label 140 (intensities: 100-255) converged in 41 iterations.
Initializing Time: 0.193145
Processing Time: 0.009158
Total Time: 0.202307
Target label 120 (intensities: 100-255) converged in 50 iterations.
Initializing Time: 0.185697
Processing Time: 0.017093
Total Time: 0.202795
Target label 200 (intensities: 100-255) converged in 20 iterations.
Initializing Time: 0.201499
Processing Time: 0.002876
Total Time: 0.204378
Target label 160 (intensities: 100-255) converged in 50 iterations.
Initializing Time: 0.203722
Processing Time: 0.003366
Total Time: 0.207091
Target label 180 (intensities: 100-255) converged in 59 iterations.
Initializing Time: 0.211365
Processing Time: 0.003288
Total Time: 0.214657

Total Execution Time for LSS algorithm was: 219.904735 ms

