Target label 60 (intensities: 100-255) converged in 37 iterations.
Initializing Time: 0.151811
Processing Time: 0.013248
Total Time: 0.165065
Target label 100 (intensities: 100-255) converged in 43 iterations.
Initializing Time: 0.162131
Processing Time: 0.004008
Total Time: 0.166143
Target label 80 (intensities: 100-255) converged in 35 iterations.
Initializing Time: 0.172476
Processing Time: 0.014997
Total Time: 0.187478
Target label 180 (intensities: 100-255) converged in 59 iterations.
Initializing Time: 0.172334
Processing Time: 0.017383
Total Time: 0.189722
Target label 160 (intensities: 100-255) converged in 50 iterations.
Initializing Time: 0.174259
Processing Time: 0.015964
Total Time: 0.190227
Target label 200 (intensities: 100-255) converged in 20 iterations.
Initializing Time: 0.176317
Processing Time: 0.014528
Total Time: 0.190850
Target label 240 (intensities: 100-255) converged in 46 iterations.
Initializing Time: 0.186380
Processing Time: 0.005543
Total Time: 0.191929
Target label 140 (intensities: 100-255) converged in 41 iterations.
Initializing Time: 0.185850
Processing Time: 0.008069
Total Time: 0.193924
Target label 120 (intensities: 100-255) converged in 50 iterations.
Initializing Time: 0.192680
Processing Time: 0.003189
Total Time: 0.195875
Target label 220 (intensities: 100-255) converged in 45 iterations.
Initializing Time: 0.210584
Processing Time: 0.001743
Total Time: 0.212331

Total Execution Time for LSS algorithm was: 218.175913 ms

