Target label 60 (intensities: 100-255) converged in 37 iterations.
Initializing Time: 0.171578
Processing Time: 0.024416
Total Time: 0.196001
Target label 140 (intensities: 100-255) converged in 41 iterations.
Initializing Time: 0.181932
Processing Time: 0.014239
Total Time: 0.196175
Target label 100 (intensities: 100-255) converged in 43 iterations.
Initializing Time: 0.186913
Processing Time: 0.009323
Total Time: 0.196241
Target label 80 (intensities: 100-255) converged in 35 iterations.
Initializing Time: 0.182350
Processing Time: 0.014268
Total Time: 0.196623
Target label 120 (intensities: 100-255) converged in 50 iterations.
Initializing Time: 0.182330
Processing Time: 0.014509
Total Time: 0.196844
Target label 180 (intensities: 100-255) converged in 59 iterations.
Initializing Time: 0.194790
Processing Time: 0.006805
Total Time: 0.201599
Target label 220 (intensities: 100-255) converged in 45 iterations.
Initializing Time: 0.198217
Processing Time: 0.003681
Total Time: 0.201902
Target label 240 (intensities: 100-255) converged in 46 iterations.
Initializing Time: 0.206129
Processing Time: 0.007860
Total Time: 0.213993
Target label 200 (intensities: 100-255) converged in 20 iterations.
Initializing Time: 0.217339
Processing Time: 0.001659
Total Time: 0.219002
Target label 160 (intensities: 100-255) converged in 50 iterations.
Initializing Time: 0.211278
Processing Time: 0.008110
Total Time: 0.219392

Total Execution Time for LSS algorithm was: 229.545637 ms

