Target label 60 (intensities: 100-255) converged in 37 iterations.
Initializing Time: 0.172196
Processing Time: 0.036383
Total Time: 0.208589
Target label 120 (intensities: 100-255) converged in 50 iterations.
Initializing Time: 0.192705
Processing Time: 0.015915
Total Time: 0.208633
Target label 240 (intensities: 100-255) converged in 46 iterations.
Initializing Time: 0.191439
Processing Time: 0.017192
Target label 180 (intensities: 100-255) converged in 59 iterations.
Initializing Time: 0.183890
Processing Time: 0.024760
Total Time: 0.208657
Total Time: 0.208636
Target label 160 (intensities: 100-255) converged in 50 iterations.
Initializing Time: 0.183925
Processing Time: 0.024970
Total Time: 0.208900
Target label 80 (intensities: 100-255) converged in 35 iterations.
Initializing Time: 0.183649
Processing Time: 0.025455
Total Time: 0.209109
Target label 200 (intensities: 100-255) converged in 20 iterations.
Initializing Time: 0.207654
Processing Time: 0.001691
Total Time: 0.209349
Target label 100 (intensities: 100-255) converged in 43 iterations.
Initializing Time: 0.204403
Processing Time: 0.006015
Total Time: 0.210421
Target label 140 (intensities: 100-255) converged in 41 iterations.
Initializing Time: 0.216470
Processing Time: 0.003514
Total Time: 0.219987
Target label 220 (intensities: 100-255) converged in 45 iterations.
Initializing Time: 0.216190
Processing Time: 0.003916
Total Time: 0.220110

Total Execution Time for LSS algorithm was: 225.920550 ms

