Target label 60 (intensities: 100-255) converged in 37 iterations.
Initializing Time: 0.156655
Processing Time: 0.024904
Total Time: 0.181565
Target label 200 (intensities: 100-255) converged in 20 iterations.
Initializing Time: 0.181037
Processing Time: 0.001086
Total Time: 0.182129
Target label 120 (intensities: 100-255) converged in 50 iterations.
Initializing Time: 0.168502
Processing Time: 0.013740
Total Time: 0.182245
Target label 100 (intensities: 100-255) converged in 43 iterations.
Initializing Time: 0.173098
Processing Time: 0.009865
Total Time: 0.182968
Target label 80 (intensities: 100-255) converged in 35 iterations.
Initializing Time: 0.172986
Processing Time: 0.010284
Total Time: 0.183273
Target label 220 (intensities: 100-255) converged in 45 iterations.
Initializing Time: 0.188046
Processing Time: 0.008097
Total Time: 0.196148
Target label 140 (intensities: 100-255) converged in 41 iterations.
Initializing Time: 0.188500
Processing Time: 0.010231
Total Time: 0.198735
Target label 180 (intensities: 100-255) converged in 59 iterations.
Initializing Time: 0.193182
Processing Time: 0.006351
Total Time: 0.199537
Target label 160 (intensities: 100-255) converged in 50 iterations.
Initializing Time: 0.188057
Processing Time: 0.011522
Total Time: 0.199583
Target label 240 (intensities: 100-255) converged in 46 iterations.
Initializing Time: 0.210445
Processing Time: 0.001766
Total Time: 0.212215

Total Execution Time for LSS algorithm was: 220.787178 ms

