Target label 60 (intensities: 100-255) converged in 37 iterations.
Initializing Time: 0.179338
Processing Time: 0.008631
Total Time: 0.187975
Target label 120 (intensities: 100-255) converged in 50 iterations.
Initializing Time: 0.190933
Processing Time: 0.006740
Total Time: 0.197677
Target label 140 (intensities: 100-255) converged in 41 iterations.
Initializing Time: 0.198188
Processing Time: 0.004773
Total Time: 0.202966
Target label 220 (intensities: 100-255) converged in 45 iterations.
Initializing Time: 0.200396
Processing Time: 0.003693
Total Time: 0.204092
Target label 100 (intensities: 100-255) converged in 43 iterations.
Initializing Time: 0.206529
Processing Time: 0.003820
Total Time: 0.210353
Target label 200 (intensities: 100-255) converged in 20 iterations.
Initializing Time: 0.217317
Processing Time: 0.001095
Total Time: 0.218417
Target label 240 (intensities: 100-255) converged in 46 iterations.
Initializing Time: 0.218795
Processing Time: 0.002001
Total Time: 0.220801
Target label 80 (intensities: 100-255) converged in 35 iterations.
Initializing Time: 0.213934
Processing Time: 0.009357
Total Time: 0.223296
Target label 160 (intensities: 100-255) converged in 50 iterations.
Initializing Time: 0.218455
Processing Time: 0.008598
Total Time: 0.227058
Target label 180 (intensities: 100-255) converged in 59 iterations.
Initializing Time: 0.235025
Processing Time: 0.004081
Total Time: 0.239109

Total Execution Time for LSS algorithm was: 244.962223 ms

