Target label 60 (intensities: 100-255) converged in 37 iterations.
Initializing Time: 0.192352
Processing Time: 0.021391
Total Time: 0.213749
Target label 180 (intensities: 100-255) converged in 59 iterations.
Initializing Time: 0.208228
Processing Time: 0.006786
Total Time: 0.215018
Target label 80 (intensities: 100-255) converged in 35 iterations.
Initializing Time: 0.208627
Processing Time: 0.006622
Total Time: 0.215253
Target label 100 (intensities: 100-255) converged in 43 iterations.
Initializing Time: 0.208714
Processing Time: 0.006696
Total Time: 0.215415
Target label 120 (intensities: 100-255) converged in 50 iterations.
Initializing Time: 0.217489
Processing Time: 0.005667
Total Time: 0.223161
Target label 220 (intensities: 100-255) converged in 45 iterations.
Initializing Time: 0.227131
Processing Time: 0.002182
Total Time: 0.229318
Target label 140 (intensities: 100-255) converged in 41 iterations.
Initializing Time: 0.227191
Processing Time: 0.014385
Total Time: 0.241579
Target label 200 (intensities: 100-255) converged in 20 iterations.
Initializing Time: 0.233362
Processing Time: 0.008542
Total Time: 0.241908
Target label 240 (intensities: 100-255) converged in 46 iterations.
Initializing Time: 0.227984
Processing Time: 0.014801
Total Time: 0.242789
Target label 160 (intensities: 100-255) converged in 50 iterations.
Initializing Time: 0.229255
Processing Time: 0.013753
Total Time: 0.243011

Total Execution Time for LSS algorithm was: 248.796854 ms

