Target label 120 (intensities: 100-255) converged in 50 iterations.
Initializing Time: 0.156381
Processing Time: 0.021885
Total Time: 0.178272
Target label 200 (intensities: 100-255) converged in 20 iterations.
Initializing Time: 0.162375
Processing Time: 0.015919
Total Time: 0.178305
Target label 220 (intensities: 100-255) converged in 45 iterations.
Initializing Time: 0.162651
Processing Time: 0.015692
Total Time: 0.178347
Target label 180 (intensities: 100-255) converged in 59 iterations.
Initializing Time: 0.156070
Processing Time: 0.022315
Total Time: 0.178388
Target label 240 (intensities: 100-255) converged in 46 iterations.
Initializing Time: 0.165054
Processing Time: 0.013349
Total Time: 0.178407
Target label 60 (intensities: 100-255) converged in 37 iterations.
Initializing Time: 0.146377
Target label 80 (intensities: 100-255) converged in 35 iterations.
Initializing Time: 0.164914
Processing Time: 0.013532
Processing Time: 0.032053
Total Time: 0.178466
Total Time: 0.178450
Target label 140 (intensities: 100-255) converged in 41 iterations.
Initializing Time: 0.169193
Processing Time: 0.009548
Total Time: 0.178744
Target label 100 (intensities: 100-255) converged in 43 iterations.
Initializing Time: 0.171235
Processing Time: 0.008829
Total Time: 0.180068
Target label 160 (intensities: 100-255) converged in 50 iterations.
Initializing Time: 0.184605
Processing Time: 0.002039
Total Time: 0.186648

Total Execution Time for LSS algorithm was: 191.863539 ms

