Target label 60 (intensities: 100-255) converged in 37 iterations.
Initializing Time: 0.160528
Processing Time: 0.035773
Total Time: 0.196311
Target label 80 (intensities: 100-255) converged in 35 iterations.
Initializing Time: 0.173158
Processing Time: 0.023177
Total Time: 0.196340
Target label 200 (intensities: 100-255) converged in 20 iterations.
Target label 160 (intensities: 100-255) converged in 50 iterations.
Target label 100 (intensities: 100-255) converged in 43 iterations.
Initializing Time: 0.175168
Processing Time: 0.021215
Total Time: 0.196393
Initializing Time: 0.186269
Processing Time: 0.010123
Total Time: 0.196395
Initializing Time: 0.175437
Processing Time: 0.020969
Total Time: 0.196411
Target label 140 (intensities: 100-255) converged in 41 iterations.
Initializing Time: 0.185670
Processing Time: 0.011036
Total Time: 0.196710
Target label 120 (intensities: 100-255) converged in 50 iterations.
Initializing Time: 0.185644
Processing Time: 0.011597
Total Time: 0.197244
Target label 180 (intensities: 100-255) converged in 59 iterations.
Initializing Time: 0.178111
Processing Time: 0.019306
Total Time: 0.197421
Target label 220 (intensities: 100-255) converged in 45 iterations.
Initializing Time: 0.187642
Processing Time: 0.010113
Total Time: 0.197759
Target label 240 (intensities: 100-255) converged in 46 iterations.
Initializing Time: 0.213606
Processing Time: 0.001708
Total Time: 0.215319

Total Execution Time for LSS algorithm was: 221.190935 ms

