Target label 60 (intensities: 100-255) converged in 37 iterations.
Initializing Time: 0.159503
Processing Time: 0.027270
Total Time: 0.186781
Target label 80 (intensities: 100-255) converged in 35 iterations.
Initializing Time: 0.172586
Processing Time: 0.014209
Total Time: 0.186806
Target label 180 (intensities: 100-255) converged in 59 iterations.
Initializing Time: 0.172900
Processing Time: 0.013895
Total Time: 0.186804
Target label 120 (intensities: 100-255) converged in 50 iterations.
Initializing Time: 0.171634
Processing Time: 0.015209
Total Time: 0.186848
Target label 200 (intensities: 100-255) converged in 20 iterations.
Initializing Time: 0.184360
Processing Time: 0.003103
Total Time: 0.187467
Target label 140 (intensities: 100-255) converged in 41 iterations.
Initializing Time: 0.183056
Processing Time: 0.004923
Total Time: 0.187983
Target label 100 (intensities: 100-255) converged in 43 iterations.
Initializing Time: 0.191639
Processing Time: 0.008266
Total Time: 0.199909
Target label 240 (intensities: 100-255) converged in 46 iterations.
Initializing Time: 0.194610
Processing Time: 0.005764
Total Time: 0.200378
Target label 160 (intensities: 100-255) converged in 50 iterations.
Initializing Time: 0.193575
Processing Time: 0.007024
Total Time: 0.200602
Target label 220 (intensities: 100-255) converged in 45 iterations.
Initializing Time: 0.210342
Processing Time: 0.004072
Total Time: 0.214418

Total Execution Time for LSS algorithm was: 220.236917 ms

