Target label 60 (intensities: 100-255) converged in 37 iterations.
Initializing Time: 0.164238
Processing Time: 0.025804
Total Time: 0.190056
Target label 240 (intensities: 100-255) converged in 46 iterations.
Initializing Time: 0.184635
Processing Time: 0.005417
Total Time: 0.190056
Target label 120 (intensities: 100-255) converged in 50 iterations.
Initializing Time: 0.174704
Processing Time: 0.015421
Total Time: 0.190134
Target label 140 (intensities: 100-255) converged in 41 iterations.
Initializing Time: 0.175135
Processing Time: 0.015015
Target label 160 (intensities: 100-255) converged in 50 iterations.
Initializing Time: 0.176586
Processing Time: 0.013586
Total Time: 0.190191
Total Time: 0.190156
Target label 100 (intensities: 100-255) converged in 43 iterations.
Initializing Time: 0.177578
Processing Time: 0.013500
Total Time: 0.191083
Target label 220 (intensities: 100-255) converged in 45 iterations.
Initializing Time: 0.196189
Processing Time: 0.006252
Total Time: 0.202445
Target label 200 (intensities: 100-255) converged in 20 iterations.
Initializing Time: 0.199287
Processing Time: 0.005424
Total Time: 0.204715
Target label 180 (intensities: 100-255) converged in 59 iterations.
Initializing Time: 0.195444
Processing Time: 0.009895
Total Time: 0.205347
Target label 80 (intensities: 100-255) converged in 35 iterations.
Initializing Time: 0.202151
Processing Time: 0.003541
Total Time: 0.205696

Total Execution Time for LSS algorithm was: 211.523356 ms

