Target label 60 (intensities: 100-255) converged in 37 iterations.
Initializing Time: 0.122776
Processing Time: 0.034041
Target label 240 (intensities: 100-255) converged in 46 iterations.
Target label 160 (intensities: 100-255) converged in 50 iterations.
Target label 80 (intensities: 100-255) converged in 35 iterations.
Initializing Time: 0.141459
Target label 100 (intensities: 100-255) converged in 43 iterations.
Target label 220 (intensities: 100-255) converged in 45 iterations.
Initializing Time: 0.141536
Total Time: 0.156825
Processing Time: 0.015337
Total Time: 0.156880
Initializing Time: 0.132405
Target label 180 (intensities: 100-255) converged in 59 iterations.
Processing Time: 0.015382
Initializing Time: 0.131629
Initializing Time: 0.134912
Processing Time: 0.022006
Initializing Time: 0.140541
Processing Time: 0.016393
Total Time: 0.156941
Processing Time: 0.024478
Total Time: 0.156956
Total Time: 0.156928
Target label 140 (intensities: 100-255) converged in 41 iterations.
Initializing Time: 0.135392
Processing Time: 0.021596
Total Time: 0.156994
Processing Time: 0.025282
Total Time: 0.157049
Total Time: 0.156901
Target label 200 (intensities: 100-255) converged in 20 iterations.
Initializing Time: 0.156478
Processing Time: 0.000666
Total Time: 0.157147
Target label 120 (intensities: 100-255) converged in 50 iterations.
Initializing Time: 0.153626
Processing Time: 0.003607
Total Time: 0.157237

Total Execution Time for LSS algorithm was: 160.111039 ms

