Target label 60 (intensities: 100-255) converged in 37 iterations.
Initializing Time: 0.151020
Processing Time: 0.029624
Total Time: 0.180649
Target label 160 (intensities: 100-255) converged in 50 iterations.
Initializing Time: 0.165764
Processing Time: 0.016515
Total Time: 0.182282
Target label 180 (intensities: 100-255) converged in 59 iterations.
Initializing Time: 0.163874
Processing Time: 0.022655
Total Time: 0.186533
Target label 240 (intensities: 100-255) converged in 46 iterations.
Initializing Time: 0.165538
Processing Time: 0.022719
Total Time: 0.188261
Target label 200 (intensities: 100-255) converged in 20 iterations.
Initializing Time: 0.177557
Processing Time: 0.012920
Total Time: 0.190482
Target label 120 (intensities: 100-255) converged in 50 iterations.
Initializing Time: 0.178815
Processing Time: 0.011715
Total Time: 0.190534
Target label 80 (intensities: 100-255) converged in 35 iterations.
Initializing Time: 0.180250
Processing Time: 0.011073
Total Time: 0.191327
Target label 140 (intensities: 100-255) converged in 41 iterations.
Initializing Time: 0.196394
Processing Time: 0.006666
Total Time: 0.203066
Target label 220 (intensities: 100-255) converged in 45 iterations.
Initializing Time: 0.197969
Processing Time: 0.005234
Total Time: 0.203207
Target label 100 (intensities: 100-255) converged in 43 iterations.
Initializing Time: 0.214689
Processing Time: 0.002935
Total Time: 0.217628

Total Execution Time for LSS algorithm was: 223.437825 ms

