Target label 60 (intensities: 100-255) converged in 37 iterations.
Initializing Time: 0.164635
Processing Time: 0.014609
Total Time: 0.179250
Target label 120 (intensities: 100-255) converged in 50 iterations.
Initializing Time: 0.179103
Processing Time: 0.011575
Total Time: 0.190682
Target label 100 (intensities: 100-255) converged in 43 iterations.
Initializing Time: 0.176720
Processing Time: 0.014184
Total Time: 0.190907
Target label 80 (intensities: 100-255) converged in 35 iterations.
Initializing Time: 0.178665
Processing Time: 0.012526
Total Time: 0.191196
Target label 180 (intensities: 100-255) converged in 59 iterations.
Initializing Time: 0.181675
Processing Time: 0.010184
Total Time: 0.191864
Target label 140 (intensities: 100-255) converged in 41 iterations.
Initializing Time: 0.198267
Processing Time: 0.010666
Total Time: 0.208937
Target label 200 (intensities: 100-255) converged in 20 iterations.
Initializing Time: 0.199414
Processing Time: 0.009979
Total Time: 0.209398
Target label 220 (intensities: 100-255) converged in 45 iterations.
Initializing Time: 0.199175
Processing Time: 0.010840
Total Time: 0.210019
Target label 240 (intensities: 100-255) converged in 46 iterations.
Initializing Time: 0.199025
Processing Time: 0.011078
Total Time: 0.210107
Target label 160 (intensities: 100-255) converged in 50 iterations.
Initializing Time: 0.199438
Processing Time: 0.011022
Total Time: 0.210467

Total Execution Time for LSS algorithm was: 216.241463 ms

