Target label 60 (intensities: 100-255) converged in 37 iterations.
Target label 160 (intensities: 100-255) converged in 50 iterations.
Initializing Time: 0.194765
Processing Time: 0.025617
Initializing Time: 0.182297
Processing Time: 0.038132
Total Time: 0.220436
Target label 120 (intensities: 100-255) converged in 50 iterations.
Initializing Time: 0.203560
Processing Time: 0.016928
Total Time: 0.220496
Target label 200 (intensities: 100-255) converged in 20 iterations.
Target label 180 (intensities: 100-255) converged in 59 iterations.
Total Time: 0.220392
Initializing Time: 0.209232
Target label 220 (intensities: 100-255) converged in 45 iterations.
Target label 240 (intensities: 100-255) converged in 46 iterations.
Initializing Time: 0.208005
Initializing Time: 0.211910
Processing Time: 0.008625
Total Time: 0.220540
Processing Time: 0.011293
Total Time: 0.220567
Initializing Time: 0.205375
Processing Time: 0.015192
Total Time: 0.220572
Target label 140 (intensities: 100-255) converged in 41 iterations.
Initializing Time: 0.201236
Processing Time: 0.019358
Total Time: 0.220601
Processing Time: 0.012515
Total Time: 0.220598
Target label 80 (intensities: 100-255) converged in 35 iterations.
Initializing Time: 0.218409
Processing Time: 0.003558
Total Time: 0.221971
Target label 100 (intensities: 100-255) converged in 43 iterations.
Initializing Time: 0.225805
Processing Time: 0.001910
Total Time: 0.227718

Total Execution Time for LSS algorithm was: 237.921512 ms

