Target label 200 (intensities: 100-255) converged in 20 iterations.
Initializing Time: 0.189577
Processing Time: 0.021585
Total Time: 0.211177
Target label 140 (intensities: 100-255) converged in 41 iterations.
Initializing Time: 0.189398
Processing Time: 0.021816
Target label 240 (intensities: 100-255) converged in 46 iterations.
Target label 60 (intensities: 100-255) converged in 37 iterations.
Initializing Time: 0.176163
Processing Time: 0.035097
Total Time: 0.211272
Total Time: 0.211225
Initializing Time: 0.189933
Processing Time: 0.021350
Total Time: 0.211287
Target label 180 (intensities: 100-255) converged in 59 iterations.
Initializing Time: 0.189536
Target label 160 (intensities: 100-255) converged in 50 iterations.
Initializing Time: 0.189963
Processing Time: 0.022265
Processing Time: 0.022666
Total Time: 0.212236
Total Time: 0.212232
Target label 80 (intensities: 100-255) converged in 35 iterations.
Initializing Time: 0.194734
Processing Time: 0.017731
Total Time: 0.212469
Target label 100 (intensities: 100-255) converged in 43 iterations.
Initializing Time: 0.205332
Processing Time: 0.007372
Total Time: 0.212708
Target label 120 (intensities: 100-255) converged in 50 iterations.
Initializing Time: 0.202554
Processing Time: 0.010245
Total Time: 0.212802
Target label 220 (intensities: 100-255) converged in 45 iterations.
Initializing Time: 0.227269
Processing Time: 0.003145
Total Time: 0.230417

Total Execution Time for LSS algorithm was: 236.300233 ms

