Target label 60 (intensities: 100-255) converged in 37 iterations.
Initializing Time: 0.163162
Processing Time: 0.034497
Total Time: 0.197665
Target label 160 (intensities: 100-255) converged in 50 iterations.
Initializing Time: 0.178639
Processing Time: 0.019033
Target label 200 (intensities: 100-255) converged in 20 iterations.
Initializing Time: 0.182023
Processing Time: 0.015675
Total Time: 0.197702
Target label 240 (intensities: 100-255) converged in 46 iterations.
Initializing Time: 0.187472
Processing Time: 0.010281
Total Time: 0.197758
Total Time: 0.197676
Target label 220 (intensities: 100-255) converged in 45 iterations.
Initializing Time: 0.185574
Processing Time: 0.012242
Total Time: 0.197822
Target label 140 (intensities: 100-255) converged in 41 iterations.
Initializing Time: 0.177023
Processing Time: 0.020831
Total Time: 0.197859
Target label 100 (intensities: 100-255) converged in 43 iterations.
Initializing Time: 0.191307
Processing Time: 0.007397
Total Time: 0.198709
Target label 120 (intensities: 100-255) converged in 50 iterations.
Initializing Time: 0.203538
Processing Time: 0.008217
Total Time: 0.211759
Target label 80 (intensities: 100-255) converged in 35 iterations.
Initializing Time: 0.203886
Processing Time: 0.008535
Total Time: 0.212425
Target label 180 (intensities: 100-255) converged in 59 iterations.
Initializing Time: 0.204240
Processing Time: 0.008699
Total Time: 0.212943

Total Execution Time for LSS algorithm was: 218.804783 ms

