Target label 60 (intensities: 100-255) converged in 37 iterations.
Initializing Time: 0.123828
Processing Time: 0.007873
Total Time: 0.131708
Target label 160 (intensities: 100-255) converged in 50 iterations.
Initializing Time: 0.134124
Processing Time: 0.014519
Total Time: 0.148647
Target label 80 (intensities: 100-255) converged in 35 iterations.
Initializing Time: 0.137665
Processing Time: 0.012481
Total Time: 0.150150
Target label 240 (intensities: 100-255) converged in 46 iterations.
Initializing Time: 0.143693
Processing Time: 0.006700
Total Time: 0.150397
Target label 120 (intensities: 100-255) converged in 50 iterations.
Initializing Time: 0.142956
Processing Time: 0.007575
Total Time: 0.150534
Target label 200 (intensities: 100-255) converged in 20 iterations.
Initializing Time: 0.156577
Processing Time: 0.015635
Total Time: 0.172216
Target label 140 (intensities: 100-255) converged in 41 iterations.
Initializing Time: 0.172484
Processing Time: 0.002677
Total Time: 0.175165
Target label 220 (intensities: 100-255) converged in 45 iterations.
Initializing Time: 0.163253
Processing Time: 0.012105
Total Time: 0.175361
Target label 100 (intensities: 100-255) converged in 43 iterations.
Initializing Time: 0.163800
Processing Time: 0.011820
Total Time: 0.175624
Target label 180 (intensities: 100-255) converged in 59 iterations.
Initializing Time: 0.163312
Processing Time: 0.012660
Total Time: 0.175976

Total Execution Time for LSS algorithm was: 186.905105 ms

