Target label 60 (intensities: 100-255) converged in 37 iterations.
Initializing Time: 0.168552
Processing Time: 0.032027
Total Time: 0.200585
Target label 220 (intensities: 100-255) converged in 45 iterations.
Initializing Time: 0.184359
Target label 240 (intensities: 100-255) converged in 46 iterations.
Initializing Time: 0.192311
Processing Time: 0.008315
Total Time: 0.200638
Processing Time: 0.016225
Total Time: 0.200655
Target label 180 (intensities: 100-255) converged in 59 iterations.
Initializing Time: 0.179097
Processing Time: 0.021574
Total Time: 0.200676
Target label 200 (intensities: 100-255) converged in 20 iterations.
Initializing Time: 0.195796
Processing Time: 0.005588
Total Time: 0.201389
Target label 100 (intensities: 100-255) converged in 43 iterations.
Initializing Time: 0.192624
Processing Time: 0.009088
Total Time: 0.201719
Target label 160 (intensities: 100-255) converged in 50 iterations.
Initializing Time: 0.183892
Processing Time: 0.017870
Total Time: 0.201765
Target label 80 (intensities: 100-255) converged in 35 iterations.
Initializing Time: 0.192295
Processing Time: 0.010024
Total Time: 0.202323
Target label 120 (intensities: 100-255) converged in 50 iterations.
Initializing Time: 0.204033
Processing Time: 0.003943
Total Time: 0.207979
Target label 140 (intensities: 100-255) converged in 41 iterations.
Initializing Time: 0.219174
Processing Time: 0.002233
Total Time: 0.221411

Total Execution Time for LSS algorithm was: 227.296560 ms

