Target label 60 (intensities: 100-255) converged in 37 iterations.
Initializing Time: 0.187520
Processing Time: 0.037894
Total Time: 0.225423
Target label 240 (intensities: 100-255) converged in 46 iterations.
Initializing Time: 0.195423
Processing Time: 0.030042
Target label 120 (intensities: 100-255) converged in 50 iterations.
Target label 180 (intensities: 100-255) converged in 59 iterations.
Initializing Time: 0.214518
Initializing Time: 0.200932
Target label 140 (intensities: 100-255) converged in 41 iterations.
Initializing Time: 0.203553
Processing Time: 0.021974
Target label 220 (intensities: 100-255) converged in 45 iterations.
Initializing Time: 0.196995
Processing Time: 0.028553
Total Time: 0.225552
Target label 100 (intensities: 100-255) converged in 43 iterations.
Initializing Time: 0.201118
Total Time: 0.225476
Total Time: 0.225531
Processing Time: 0.024575
Total Time: 0.225619
Processing Time: 0.010985
Total Time: 0.225628
Processing Time: 0.024465
Total Time: 0.225639
Target label 160 (intensities: 100-255) converged in 50 iterations.
Initializing Time: 0.212198
Processing Time: 0.014292
Total Time: 0.226494
Target label 80 (intensities: 100-255) converged in 35 iterations.
Initializing Time: 0.210496
Processing Time: 0.016211
Total Time: 0.226711
Target label 200 (intensities: 100-255) converged in 20 iterations.
Initializing Time: 0.231174
Processing Time: 0.000907
Total Time: 0.232085

Total Execution Time for LSS algorithm was: 237.226548 ms

