Target label 60 (intensities: 100-255) converged in 37 iterations.
Initializing Time: 0.172298
Processing Time: 0.038888
Total Time: 0.211193
Target label 220 (intensities: 100-255) converged in 45 iterations.
Initializing Time: 0.186138
Target label 120 (intensities: 100-255) converged in 50 iterations.
Initializing Time: 0.194937
Target label 100 (intensities: 100-255) converged in 43 iterations.
Initializing Time: 0.188700
Processing Time: 0.022579
Target label 200 (intensities: 100-255) converged in 20 iterations.
Initializing Time: 0.207077
Processing Time: 0.004221
Total Time: 0.211302
Processing Time: 0.025094
Total Time: 0.211338
Target label 180 (intensities: 100-255) converged in 59 iterations.
Initializing Time: 0.185966
Processing Time: 0.025401
Total Time: 0.211371
Target label 140 (intensities: 100-255) converged in 41 iterations.
Initializing Time: 0.199864
Processing Time: 0.011595
Total Time: 0.211468
Total Time: 0.211292
Processing Time: 0.016331
Total Time: 0.211498
Target label 240 (intensities: 100-255) converged in 46 iterations.
Initializing Time: 0.208670
Processing Time: 0.004281
Total Time: 0.212955
Target label 160 (intensities: 100-255) converged in 50 iterations.
Initializing Time: 0.216960
Processing Time: 0.002726
Total Time: 0.219689
Target label 80 (intensities: 100-255) converged in 35 iterations.
Initializing Time: 0.218308
Processing Time: 0.001613
Total Time: 0.219925

Total Execution Time for LSS algorithm was: 225.747959 ms

