Target label 60 (intensities: 100-255) converged in 37 iterations.
Initializing Time: 0.166110
Processing Time: 0.025939
Total Time: 0.192058
Target label 100 (intensities: 100-255) converged in 43 iterations.
Initializing Time: 0.181849
Processing Time: 0.014857
Total Time: 0.196718
Target label 140 (intensities: 100-255) converged in 41 iterations.
Initializing Time: 0.178896
Processing Time: 0.017857
Total Time: 0.196761
Target label 200 (intensities: 100-255) converged in 20 iterations.
Initializing Time: 0.189177
Processing Time: 0.007628
Total Time: 0.196809
Target label 220 (intensities: 100-255) converged in 45 iterations.
Initializing Time: 0.182677
Processing Time: 0.015507
Total Time: 0.198188
Target label 160 (intensities: 100-255) converged in 50 iterations.
Initializing Time: 0.181201
Processing Time: 0.021759
Total Time: 0.202965
Target label 180 (intensities: 100-255) converged in 59 iterations.
Initializing Time: 0.182848
Processing Time: 0.026380
Total Time: 0.209231
Target label 120 (intensities: 100-255) converged in 50 iterations.
Initializing Time: 0.206544
Processing Time: 0.004087
Total Time: 0.210636
Target label 240 (intensities: 100-255) converged in 46 iterations.
Initializing Time: 0.207916
Processing Time: 0.003378
Total Time: 0.211298
Target label 80 (intensities: 100-255) converged in 35 iterations.
Initializing Time: 0.215211
Processing Time: 0.001848
Total Time: 0.217063

Total Execution Time for LSS algorithm was: 220.823663 ms

