Target label 60 (intensities: 100-255) converged in 37 iterations.
Initializing Time: 0.180982
Processing Time: 0.008099
Total Time: 0.189090
Target label 80 (intensities: 100-255) converged in 35 iterations.
Initializing Time: 0.191286
Processing Time: 0.002007
Total Time: 0.193298
Target label 200 (intensities: 100-255) converged in 20 iterations.
Initializing Time: 0.200051
Processing Time: 0.002751
Total Time: 0.202806
Target label 220 (intensities: 100-255) converged in 45 iterations.
Initializing Time: 0.208363
Processing Time: 0.014305
Total Time: 0.222672
Target label 140 (intensities: 100-255) converged in 41 iterations.
Initializing Time: 0.211337
Processing Time: 0.012781
Total Time: 0.224122
Target label 240 (intensities: 100-255) converged in 46 iterations.
Initializing Time: 0.208377
Processing Time: 0.015852
Total Time: 0.224233
Target label 120 (intensities: 100-255) converged in 50 iterations.
Initializing Time: 0.215326
Processing Time: 0.009267
Total Time: 0.224598
Target label 100 (intensities: 100-255) converged in 43 iterations.
Initializing Time: 0.208463
Processing Time: 0.016231
Total Time: 0.224698
Target label 160 (intensities: 100-255) converged in 50 iterations.
Initializing Time: 0.208432
Processing Time: 0.016376
Total Time: 0.224811
Target label 180 (intensities: 100-255) converged in 59 iterations.
Initializing Time: 0.229600
Processing Time: 0.003918
Total Time: 0.233523

Total Execution Time for LSS algorithm was: 239.339127 ms

