Target label 60 (intensities: 100-255) converged in 37 iterations.
Initializing Time: 0.180657
Processing Time: 0.032737
Total Time: 0.213406
Target label 80 (intensities: 100-255) converged in 35 iterations.
Initializing Time: 0.197488
Processing Time: 0.015919
Total Time: 0.213416
Target label 120 (intensities: 100-255) converged in 50 iterations.
Initializing Time: 0.196259
Processing Time: 0.017207
Total Time: 0.213472
Target label 160 (intensities: 100-255) converged in 50 iterations.
Initializing Time: 0.195464
Processing Time: 0.018003
Total Time: 0.213470
Target label 200 (intensities: 100-255) converged in 20 iterations.
Initializing Time: 0.203875
Processing Time: 0.009817
Total Time: 0.213696
Target label 100 (intensities: 100-255) converged in 43 iterations.
Initializing Time: 0.206076
Processing Time: 0.008195
Total Time: 0.214275
Target label 140 (intensities: 100-255) converged in 41 iterations.
Initializing Time: 0.228215
Processing Time: 0.004149
Total Time: 0.232368
Target label 220 (intensities: 100-255) converged in 45 iterations.
Initializing Time: 0.219825
Processing Time: 0.012766
Total Time: 0.232595
Target label 180 (intensities: 100-255) converged in 59 iterations.
Initializing Time: 0.219115
Processing Time: 0.014057
Total Time: 0.233176
Target label 240 (intensities: 100-255) converged in 46 iterations.
Initializing Time: 0.243188
Processing Time: 0.003224
Total Time: 0.246416

Total Execution Time for LSS algorithm was: 252.266133 ms

