Target label 60 (intensities: 100-255) converged in 37 iterations.
Initializing Time: 0.180773
Processing Time: 0.009265
Total Time: 0.190044
Target label 80 (intensities: 100-255) converged in 35 iterations.
Initializing Time: 0.192267
Processing Time: 0.001899
Total Time: 0.194171
Target label 220 (intensities: 100-255) converged in 45 iterations.
Initializing Time: 0.212822
Processing Time: 0.006473
Total Time: 0.219299
Target label 240 (intensities: 100-255) converged in 46 iterations.
Initializing Time: 0.204421
Processing Time: 0.022443
Total Time: 0.226868
Target label 140 (intensities: 100-255) converged in 41 iterations.
Initializing Time: 0.204479
Processing Time: 0.023208
Total Time: 0.227691
Target label 200 (intensities: 100-255) converged in 20 iterations.
Initializing Time: 0.227215
Processing Time: 0.000964
Total Time: 0.228183
Target label 100 (intensities: 100-255) converged in 43 iterations.
Initializing Time: 0.210070
Processing Time: 0.018302
Total Time: 0.228377
Target label 160 (intensities: 100-255) converged in 50 iterations.
Initializing Time: 0.204378
Processing Time: 0.024036
Total Time: 0.228418
Target label 180 (intensities: 100-255) converged in 59 iterations.
Initializing Time: 0.204444
Processing Time: 0.024002
Total Time: 0.228451
Target label 120 (intensities: 100-255) converged in 50 iterations.
Initializing Time: 0.233627
Processing Time: 0.001942
Total Time: 0.235573

Total Execution Time for LSS algorithm was: 241.431986 ms

