Target label 60 (intensities: 100-255) converged in 37 iterations.
Initializing Time: 0.111406
Processing Time: 0.007964
Total Time: 0.119380
Target label 220 (intensities: 100-255) converged in 45 iterations.
Initializing Time: 0.120201
Processing Time: 0.003262
Total Time: 0.123467
Target label 140 (intensities: 100-255) converged in 41 iterations.
Initializing Time: 0.125088
Processing Time: 0.002765
Total Time: 0.127859
Target label 240 (intensities: 100-255) converged in 46 iterations.
Initializing Time: 0.141126
Processing Time: 0.017919
Total Time: 0.159049
Target label 200 (intensities: 100-255) converged in 20 iterations.
Initializing Time: 0.144556
Processing Time: 0.015513
Total Time: 0.160073
Target label 100 (intensities: 100-255) converged in 43 iterations.
Initializing Time: 0.139889
Processing Time: 0.020317
Total Time: 0.160211
Target label 160 (intensities: 100-255) converged in 50 iterations.
Initializing Time: 0.140833
Processing Time: 0.019755
Total Time: 0.160593
Target label 80 (intensities: 100-255) converged in 35 iterations.
Initializing Time: 0.142511
Processing Time: 0.018189
Total Time: 0.160704
Target label 120 (intensities: 100-255) converged in 50 iterations.
Initializing Time: 0.143332
Processing Time: 0.017804
Total Time: 0.161145
Target label 180 (intensities: 100-255) converged in 59 iterations.
Initializing Time: 0.154020
Processing Time: 0.007643
Total Time: 0.161667

Total Execution Time for LSS algorithm was: 172.033347 ms

