Target label 60 (intensities: 100-255) converged in 37 iterations.
Initializing Time: 0.158954
Processing Time: 0.010158
Total Time: 0.169119
Target label 80 (intensities: 100-255) converged in 35 iterations.
Initializing Time: 0.170129
Processing Time: 0.002013
Total Time: 0.172147
Target label 120 (intensities: 100-255) converged in 50 iterations.
Initializing Time: 0.170269
Processing Time: 0.008011
Total Time: 0.178284
Target label 200 (intensities: 100-255) converged in 20 iterations.
Initializing Time: 0.181735
Processing Time: 0.005820
Total Time: 0.187560
Target label 160 (intensities: 100-255) converged in 50 iterations.
Initializing Time: 0.185217
Processing Time: 0.003721
Total Time: 0.188944
Target label 220 (intensities: 100-255) converged in 45 iterations.
Initializing Time: 0.192418
Processing Time: 0.009830
Total Time: 0.202252
Target label 140 (intensities: 100-255) converged in 41 iterations.
Initializing Time: 0.193496
Processing Time: 0.011813
Total Time: 0.205315
Target label 240 (intensities: 100-255) converged in 46 iterations.
Initializing Time: 0.192721
Processing Time: 0.012832
Total Time: 0.205557
Target label 100 (intensities: 100-255) converged in 43 iterations.
Initializing Time: 0.192922
Processing Time: 0.013082
Total Time: 0.206008
Target label 180 (intensities: 100-255) converged in 59 iterations.
Initializing Time: 0.214863
Processing Time: 0.004502
Total Time: 0.219372

Total Execution Time for LSS algorithm was: 230.393446 ms

