Target label 60 (intensities: 100-255) converged in 37 iterations.
Initializing Time: 0.161748
Processing Time: 0.009074
Total Time: 0.170827
Target label 100 (intensities: 100-255) converged in 43 iterations.
Initializing Time: 0.176959
Processing Time: 0.003468
Total Time: 0.180431
Target label 200 (intensities: 100-255) converged in 20 iterations.
Initializing Time: 0.179905
Processing Time: 0.000887
Total Time: 0.180796
Target label 240 (intensities: 100-255) converged in 46 iterations.
Initializing Time: 0.190248
Processing Time: 0.002147
Total Time: 0.192400
Target label 160 (intensities: 100-255) converged in 50 iterations.
Initializing Time: 0.188055
Processing Time: 0.014239
Total Time: 0.202298
Target label 80 (intensities: 100-255) converged in 35 iterations.
Initializing Time: 0.193631
Processing Time: 0.008957
Total Time: 0.202592
Target label 120 (intensities: 100-255) converged in 50 iterations.
Initializing Time: 0.196870
Processing Time: 0.005976
Total Time: 0.202850
Target label 180 (intensities: 100-255) converged in 59 iterations.
Initializing Time: 0.198524
Processing Time: 0.004775
Total Time: 0.203303
Target label 140 (intensities: 100-255) converged in 41 iterations.
Initializing Time: 0.207431
Processing Time: 0.001816
Total Time: 0.209251
Target label 220 (intensities: 100-255) converged in 45 iterations.
Initializing Time: 0.207413
Processing Time: 0.001981
Total Time: 0.209398

Total Execution Time for LSS algorithm was: 219.833880 ms

