Target label 60 (intensities: 100-255) converged in 37 iterations.
Target label 100 (intensities: 100-255) converged in 43 iterations.
Initializing Time: 0.171167
Processing Time: 0.019573
Total Time: 0.190753
Target label 160 (intensities: 100-255) converged in 50 iterations.
Initializing Time: 0.171745
Processing Time: 0.019029
Initializing Time: 0.159120
Total Time: 0.190781
Target label 200 (intensities: 100-255) converged in 20 iterations.
Initializing Time: 0.180811
Processing Time: 0.010007
Total Time: 0.190825
Processing Time: 0.031691
Total Time: 0.190856
Target label 220 (intensities: 100-255) converged in 45 iterations.
Initializing Time: 0.188729
Processing Time: 0.002315
Total Time: 0.191047
Target label 140 (intensities: 100-255) converged in 41 iterations.
Initializing Time: 0.181788
Processing Time: 0.009409
Total Time: 0.191201
Target label 120 (intensities: 100-255) converged in 50 iterations.
Initializing Time: 0.196574
Processing Time: 0.010400
Total Time: 0.206978
Target label 180 (intensities: 100-255) converged in 59 iterations.
Initializing Time: 0.197357
Processing Time: 0.009947
Total Time: 0.207308
Target label 80 (intensities: 100-255) converged in 35 iterations.
Initializing Time: 0.198294
Processing Time: 0.009212
Total Time: 0.207512
Target label 240 (intensities: 100-255) converged in 46 iterations.
Initializing Time: 0.205536
Processing Time: 0.002051
Total Time: 0.207593

Total Execution Time for LSS algorithm was: 213.529076 ms

