Target label 60 (intensities: 100-255) converged in 37 iterations.
Initializing Time: 0.138877
Processing Time: 0.012341
Total Time: 0.151239
Target label 220 (intensities: 100-255) converged in 45 iterations.
Initializing Time: 0.151118
Processing Time: 0.001053
Total Time: 0.152174
Target label 140 (intensities: 100-255) converged in 41 iterations.
Initializing Time: 0.151501
Processing Time: 0.005416
Total Time: 0.156919
Target label 180 (intensities: 100-255) converged in 59 iterations.
Initializing Time: 0.151689
Processing Time: 0.005706
Total Time: 0.157400
Target label 100 (intensities: 100-255) converged in 43 iterations.
Initializing Time: 0.160667
Processing Time: 0.002178
Total Time: 0.162849
Target label 200 (intensities: 100-255) converged in 20 iterations.
Initializing Time: 0.164991
Processing Time: 0.016481
Total Time: 0.181476
Target label 120 (intensities: 100-255) converged in 50 iterations.
Initializing Time: 0.165655
Processing Time: 0.016185
Total Time: 0.181846
Target label 240 (intensities: 100-255) converged in 46 iterations.
Initializing Time: 0.178275
Processing Time: 0.004443
Total Time: 0.182722
Target label 160 (intensities: 100-255) converged in 50 iterations.
Initializing Time: 0.167686
Processing Time: 0.015108
Total Time: 0.182799
Target label 80 (intensities: 100-255) converged in 35 iterations.
Initializing Time: 0.164973
Processing Time: 0.018043
Total Time: 0.183021

Total Execution Time for LSS algorithm was: 186.054088 ms

