Target label 60 (intensities: 100-255) converged in 37 iterations.
Initializing Time: 0.179178
Processing Time: 0.019181
Total Time: 0.198366
Target label 140 (intensities: 100-255) converged in 41 iterations.
Initializing Time: 0.193019
Processing Time: 0.006102
Total Time: 0.199125
Target label 160 (intensities: 100-255) converged in 50 iterations.
Initializing Time: 0.194864
Processing Time: 0.010256
Total Time: 0.205124
Target label 240 (intensities: 100-255) converged in 46 iterations.
Initializing Time: 0.199696
Processing Time: 0.005797
Total Time: 0.205498
Target label 200 (intensities: 100-255) converged in 20 iterations.
Initializing Time: 0.225961
Processing Time: 0.001612
Total Time: 0.227578
Target label 120 (intensities: 100-255) converged in 50 iterations.
Initializing Time: 0.211849
Processing Time: 0.015772
Total Time: 0.227625
Target label 180 (intensities: 100-255) converged in 59 iterations.
Initializing Time: 0.211795
Processing Time: 0.016139
Total Time: 0.227938
Target label 80 (intensities: 100-255) converged in 35 iterations.
Initializing Time: 0.217811
Processing Time: 0.010318
Total Time: 0.228133
Target label 100 (intensities: 100-255) converged in 43 iterations.
Initializing Time: 0.216402
Processing Time: 0.012093
Total Time: 0.228500
Target label 220 (intensities: 100-255) converged in 45 iterations.
Initializing Time: 0.221229
Processing Time: 0.007797
Total Time: 0.229030

Total Execution Time for LSS algorithm was: 239.902982 ms

