Target label 60 (intensities: 100-255) converged in 37 iterations.
Initializing Time: 0.195763
Processing Time: 0.036779
Target label 80 (intensities: 100-255) converged in 35 iterations.
Initializing Time: 0.213460
Processing Time: 0.019113
Total Time: 0.232579
Target label 120 (intensities: 100-255) converged in 50 iterations.
Initializing Time: 0.213556
Processing Time: 0.019042
Total Time: 0.232602
Target label 100 (intensities: 100-255) converged in 43 iterations.
Initializing Time: 0.208534
Processing Time: 0.024081
Total Time: 0.232622
Target label 160 (intensities: 100-255) converged in 50 iterations.
Initializing Time: 0.211442
Processing Time: 0.021214
Total Time: 0.232662
Target label 240 (intensities: 100-255) converged in 46 iterations.
Initializing Time: 0.227206
Processing Time: 0.005494
Target label 200 (intensities: 100-255) converged in 20 iterations.
Initializing Time: 0.214388
Total Time: 0.232551
Total Time: 0.232704
Processing Time: 0.018340
Total Time: 0.232761
Target label 140 (intensities: 100-255) converged in 41 iterations.
Initializing Time: 0.237571
Processing Time: 0.007419
Total Time: 0.244995
Target label 180 (intensities: 100-255) converged in 59 iterations.
Initializing Time: 0.238817
Processing Time: 0.007818
Total Time: 0.246638
Target label 220 (intensities: 100-255) converged in 45 iterations.
Initializing Time: 0.260355
Processing Time: 0.001768
Total Time: 0.262127

Total Execution Time for LSS algorithm was: 267.986464 ms

