Target label 60 (intensities: 100-255) converged in 37 iterations.
Initializing Time: 0.170527
Processing Time: 0.037230
Total Time: 0.207767
Target label 100 (intensities: 100-255) converged in 43 iterations.
Initializing Time: 0.190091
Processing Time: 0.017695
Total Time: 0.207791
Target label 160 (intensities: 100-255) converged in 50 iterations.
Initializing Time: 0.181872
Processing Time: 0.025956
Target label 80 (intensities: 100-255) converged in 35 iterations.
Initializing Time: 0.181904
Processing Time: 0.025928
Total Time: 0.207840
Total Time: 0.207834
Target label 120 (intensities: 100-255) converged in 50 iterations.
Initializing Time: 0.191080
Target label 220 (intensities: 100-255) converged in 45 iterations.
Initializing Time: 0.189826
Processing Time: 0.018082
Processing Time: 0.016819
Total Time: 0.207930
Total Time: 0.207912
Target label 200 (intensities: 100-255) converged in 20 iterations.
Initializing Time: 0.205136
Processing Time: 0.003363
Total Time: 0.208503
Target label 240 (intensities: 100-255) converged in 46 iterations.
Initializing Time: 0.198614
Processing Time: 0.010655
Total Time: 0.209275
Target label 180 (intensities: 100-255) converged in 59 iterations.
Initializing Time: 0.198869
Processing Time: 0.010865
Total Time: 0.209738
Target label 140 (intensities: 100-255) converged in 41 iterations.
Initializing Time: 0.213076
Processing Time: 0.001842
Total Time: 0.214921

Total Execution Time for LSS algorithm was: 220.799392 ms

