Target label 60 (intensities: 100-255) converged in 37 iterations.
Initializing Time: 0.160507
Processing Time: 0.020491
Total Time: 0.181006
Target label 100 (intensities: 100-255) converged in 43 iterations.
Initializing Time: 0.171293
Processing Time: 0.010925
Total Time: 0.182223
Target label 180 (intensities: 100-255) converged in 59 iterations.
Initializing Time: 0.170662
Processing Time: 0.011680
Total Time: 0.182346
Target label 120 (intensities: 100-255) converged in 50 iterations.
Initializing Time: 0.175581
Processing Time: 0.007290
Total Time: 0.182875
Target label 200 (intensities: 100-255) converged in 20 iterations.
Initializing Time: 0.188064
Processing Time: 0.001094
Total Time: 0.189164
Target label 240 (intensities: 100-255) converged in 46 iterations.
Initializing Time: 0.193721
Processing Time: 0.013571
Total Time: 0.207296
Target label 140 (intensities: 100-255) converged in 41 iterations.
Initializing Time: 0.200688
Processing Time: 0.008653
Total Time: 0.209345
Target label 80 (intensities: 100-255) converged in 35 iterations.
Initializing Time: 0.196611
Processing Time: 0.013832
Total Time: 0.210448
Target label 160 (intensities: 100-255) converged in 50 iterations.
Initializing Time: 0.196626
Processing Time: 0.014121
Total Time: 0.210750
Target label 220 (intensities: 100-255) converged in 45 iterations.
Initializing Time: 0.214888
Processing Time: 0.003310
Total Time: 0.218202

Total Execution Time for LSS algorithm was: 229.227676 ms

