Target label 60 (intensities: 100-255) converged in 37 iterations.
Initializing Time: 0.156850
Processing Time: 0.011178
Total Time: 0.168035
Target label 240 (intensities: 100-255) converged in 46 iterations.
Initializing Time: 0.174904
Processing Time: 0.010132
Total Time: 0.185040
Target label 160 (intensities: 100-255) converged in 50 iterations.
Initializing Time: 0.169888
Processing Time: 0.015475
Total Time: 0.185368
Target label 180 (intensities: 100-255) converged in 59 iterations.
Initializing Time: 0.173880
Processing Time: 0.011848
Total Time: 0.185735
Target label 80 (intensities: 100-255) converged in 35 iterations.
Initializing Time: 0.173905
Processing Time: 0.011864
Total Time: 0.185772
Target label 220 (intensities: 100-255) converged in 45 iterations.
Initializing Time: 0.190546
Processing Time: 0.011833
Total Time: 0.202383
Target label 140 (intensities: 100-255) converged in 41 iterations.
Initializing Time: 0.190726
Processing Time: 0.014076
Total Time: 0.204805
Target label 200 (intensities: 100-255) converged in 20 iterations.
Initializing Time: 0.203584
Processing Time: 0.001581
Total Time: 0.205169
Target label 100 (intensities: 100-255) converged in 43 iterations.
Initializing Time: 0.194465
Processing Time: 0.010786
Total Time: 0.205255
Target label 120 (intensities: 100-255) converged in 50 iterations.
Initializing Time: 0.197006
Processing Time: 0.008305
Total Time: 0.205317

Total Execution Time for LSS algorithm was: 211.210811 ms

