Target label 60 (intensities: 100-255) converged in 37 iterations.
Initializing Time: 0.213154
Processing Time: 0.025325
Total Time: 0.238485
Target label 220 (intensities: 100-255) converged in 45 iterations.
Initializing Time: 0.226835
Processing Time: 0.011679
Total Time: 0.238517
Target label 240 (intensities: 100-255) converged in 46 iterations.
Initializing Time: 0.226828
Processing Time: 0.011738
Total Time: 0.238570
Target label 120 (intensities: 100-255) converged in 50 iterations.
Initializing Time: 0.228950
Processing Time: 0.010330
Total Time: 0.239285
Target label 100 (intensities: 100-255) converged in 43 iterations.
Initializing Time: 0.226908
Processing Time: 0.012601
Total Time: 0.239512
Target label 160 (intensities: 100-255) converged in 50 iterations.
Initializing Time: 0.244734
Processing Time: 0.012862
Total Time: 0.257600
Target label 140 (intensities: 100-255) converged in 41 iterations.
Initializing Time: 0.254633
Processing Time: 0.002982
Total Time: 0.257619
Target label 80 (intensities: 100-255) converged in 35 iterations.
Initializing Time: 0.246165
Processing Time: 0.011833
Total Time: 0.258002
Target label 180 (intensities: 100-255) converged in 59 iterations.
Initializing Time: 0.246474
Processing Time: 0.011984
Total Time: 0.258461
Target label 200 (intensities: 100-255) converged in 20 iterations.
Initializing Time: 0.269977
Processing Time: 0.000902
Total Time: 0.270883

Total Execution Time for LSS algorithm was: 276.700794 ms

