Target label 60 (intensities: 100-255) converged in 37 iterations.
Initializing Time: 0.130225
Processing Time: 0.016296
Total Time: 0.146528
Target label 100 (intensities: 100-255) converged in 43 iterations.
Initializing Time: 0.137304
Processing Time: 0.009237
Target label 180 (intensities: 100-255) converged in 59 iterations.
Initializing Time: 0.140083
Total Time: 0.146543
Processing Time: 0.006472
Total Time: 0.146565
Target label 220 (intensities: 100-255) converged in 45 iterations.
Initializing Time: 0.143725
Processing Time: 0.003378
Total Time: 0.147104
Target label 160 (intensities: 100-255) converged in 50 iterations.
Initializing Time: 0.151928
Processing Time: 0.004537
Total Time: 0.156470
Target label 120 (intensities: 100-255) converged in 50 iterations.
Initializing Time: 0.161438
Processing Time: 0.006341
Total Time: 0.167781
Target label 200 (intensities: 100-255) converged in 20 iterations.
Initializing Time: 0.158217
Processing Time: 0.009634
Total Time: 0.167855
Target label 80 (intensities: 100-255) converged in 35 iterations.
Initializing Time: 0.157267
Processing Time: 0.011526
Total Time: 0.168797
Target label 240 (intensities: 100-255) converged in 46 iterations.
Initializing Time: 0.164693
Processing Time: 0.004235
Total Time: 0.168932
Target label 140 (intensities: 100-255) converged in 41 iterations.
Initializing Time: 0.172877
Processing Time: 0.002265
Total Time: 0.175143

Total Execution Time for LSS algorithm was: 180.329885 ms

