Target label 60 (intensities: 100-255) converged in 37 iterations.
Initializing Time: 0.165415
Processing Time: 0.032604
Total Time: 0.198026
Target label 80 (intensities: 100-255) converged in 35 iterations.
Initializing Time: 0.179572
Processing Time: 0.022237
Total Time: 0.201814
Target label 220 (intensities: 100-255) converged in 45 iterations.
Initializing Time: 0.195555
Processing Time: 0.006381
Total Time: 0.201940
Target label 160 (intensities: 100-255) converged in 50 iterations.
Initializing Time: 0.178909
Processing Time: 0.023727
Total Time: 0.202640
Target label 140 (intensities: 100-255) converged in 41 iterations.
Initializing Time: 0.192373
Processing Time: 0.010970
Total Time: 0.203348
Target label 200 (intensities: 100-255) converged in 20 iterations.
Initializing Time: 0.199912
Processing Time: 0.003766
Total Time: 0.203683
Target label 120 (intensities: 100-255) converged in 50 iterations.
Initializing Time: 0.185545
Processing Time: 0.018289
Total Time: 0.203838
Target label 100 (intensities: 100-255) converged in 43 iterations.
Initializing Time: 0.195425
Processing Time: 0.008642
Total Time: 0.204071
Target label 180 (intensities: 100-255) converged in 59 iterations.
Initializing Time: 0.190777
Processing Time: 0.013366
Total Time: 0.204147
Target label 240 (intensities: 100-255) converged in 46 iterations.
Initializing Time: 0.207031
Processing Time: 0.002730
Total Time: 0.209764

Total Execution Time for LSS algorithm was: 215.574989 ms

