Target label 80 (intensities: 100-255) converged in 35 iterations.
Target label 60 (intensities: 100-255) converged in 37 iterations.
Initializing Time: 0.161677
Processing Time: 0.039267
Total Time: 0.200955
Target label 140 (intensities: 100-255) converged in 41 iterations.
Initializing Time: 0.196886
Processing Time: 0.004757
Total Time: 0.201647
Target label 160 (intensities: 100-255) converged in 50 iterations.
Initializing Time: 0.173905
Processing Time: 0.027822
Total Time: 0.201732
Initializing Time: 0.173838
Processing Time: 0.027912
Target label 220 (intensities: 100-255) converged in 45 iterations.
Initializing Time: 0.173956
Processing Time: 0.027807
Total Time: 0.201755
Target label 180 (intensities: 100-255) converged in 59 iterations.
Initializing Time: 0.173730
Processing Time: 0.028078
Total Time: 0.201817
Total Time: 0.201767
Target label 120 (intensities: 100-255) converged in 50 iterations.
Initializing Time: 0.176533
Processing Time: 0.025454
Total Time: 0.201991
Target label 100 (intensities: 100-255) converged in 43 iterations.
Initializing Time: 0.191563
Processing Time: 0.010604
Total Time: 0.202172
Target label 200 (intensities: 100-255) converged in 20 iterations.
Initializing Time: 0.199873
Processing Time: 0.003608
Total Time: 0.203484
Target label 240 (intensities: 100-255) converged in 46 iterations.
Initializing Time: 0.201199
Processing Time: 0.003624
Total Time: 0.204828

Total Execution Time for LSS algorithm was: 208.840809 ms

