Target label 60 (intensities: 100-255) converged in 37 iterations.
Initializing Time: 0.173308
Processing Time: 0.009972
Total Time: 0.183285
Target label 100 (intensities: 100-255) converged in 43 iterations.
Initializing Time: 0.185835
Processing Time: 0.009382
Total Time: 0.195222
Target label 160 (intensities: 100-255) converged in 50 iterations.
Initializing Time: 0.185734
Processing Time: 0.009601
Total Time: 0.195339
Target label 80 (intensities: 100-255) converged in 35 iterations.
Initializing Time: 0.185851
Processing Time: 0.012027
Total Time: 0.197881
Target label 180 (intensities: 100-255) converged in 59 iterations.
Initializing Time: 0.195062
Processing Time: 0.004588
Total Time: 0.199655
Target label 240 (intensities: 100-255) converged in 46 iterations.
Initializing Time: 0.207633
Processing Time: 0.003871
Total Time: 0.211508
Target label 200 (intensities: 100-255) converged in 20 iterations.
Initializing Time: 0.214036
Processing Time: 0.004061
Total Time: 0.218101
Target label 120 (intensities: 100-255) converged in 50 iterations.
Initializing Time: 0.208463
Processing Time: 0.009717
Total Time: 0.218183
Target label 140 (intensities: 100-255) converged in 41 iterations.
Initializing Time: 0.212066
Processing Time: 0.006538
Total Time: 0.218608
Target label 220 (intensities: 100-255) converged in 45 iterations.
Initializing Time: 0.208550
Processing Time: 0.010286
Total Time: 0.218839

Total Execution Time for LSS algorithm was: 225.267203 ms

