Target label 60 (intensities: 100-255) converged in 37 iterations.
Initializing Time: 0.131258
Processing Time: 0.010882
Total Time: 0.142145
Target label 100 (intensities: 100-255) converged in 43 iterations.
Initializing Time: 0.140165
Processing Time: 0.003842
Total Time: 0.144012
Target label 240 (intensities: 100-255) converged in 46 iterations.
Initializing Time: 0.152857
Processing Time: 0.002165
Total Time: 0.155027
Target label 180 (intensities: 100-255) converged in 59 iterations.
Initializing Time: 0.151605
Processing Time: 0.015052
Target label 220 (intensities: 100-255) converged in 45 iterations.
Initializing Time: 0.153688
Processing Time: 0.012984
Total Time: 0.166676
Total Time: 0.166665
Target label 140 (intensities: 100-255) converged in 41 iterations.
Initializing Time: 0.158770
Processing Time: 0.010787
Total Time: 0.169562
Target label 200 (intensities: 100-255) converged in 20 iterations.
Initializing Time: 0.159633
Processing Time: 0.010066
Total Time: 0.169704
Target label 80 (intensities: 100-255) converged in 35 iterations.
Initializing Time: 0.162078
Processing Time: 0.008518
Total Time: 0.170600
Target label 160 (intensities: 100-255) converged in 50 iterations.
Initializing Time: 0.165029
Processing Time: 0.005978
Total Time: 0.171011
Target label 120 (intensities: 100-255) converged in 50 iterations.
Initializing Time: 0.184402
Processing Time: 0.002588
Total Time: 0.186993

Total Execution Time for LSS algorithm was: 192.823897 ms

