Target label 60 (intensities: 100-255) converged in 37 iterations.
Initializing Time: 0.177040
Processing Time: 0.034648
Total Time: 0.211701
Target label 180 (intensities: 100-255) converged in 59 iterations.
Initializing Time: 0.192576
Processing Time: 0.019171
Total Time: 0.211751
Target label 160 (intensities: 100-255) converged in 50 iterations.
Initializing Time: 0.192002
Processing Time: 0.019797
Total Time: 0.211803
Target label 80 (intensities: 100-255) converged in 35 iterations.
Initializing Time: 0.205696
Target label 240 (intensities: 100-255) converged in 46 iterations.
Initializing Time: 0.193178
Processing Time: 0.018695
Processing Time: 0.006173
Target label 140 (intensities: 100-255) converged in 41 iterations.
Target label 100 (intensities: 100-255) converged in 43 iterations.
Initializing Time: 0.188912
Total Time: 0.211882
Initializing Time: 0.193471
Processing Time: 0.018473
Total Time: 0.211905
Total Time: 0.211953
Processing Time: 0.023004
Total Time: 0.211951
Target label 120 (intensities: 100-255) converged in 50 iterations.
Initializing Time: 0.194650
Processing Time: 0.018451
Total Time: 0.213107
Target label 200 (intensities: 100-255) converged in 20 iterations.
Initializing Time: 0.213404
Processing Time: 0.000907
Total Time: 0.214315
Target label 220 (intensities: 100-255) converged in 45 iterations.
Initializing Time: 0.228898
Processing Time: 0.001743
Total Time: 0.230645

Total Execution Time for LSS algorithm was: 236.458388 ms

