Target label 60 (intensities: 100-255) converged in 37 iterations.
Initializing Time: 0.160680
Processing Time: 0.032621
Total Time: 0.193306
Target label 240 (intensities: 100-255) converged in 46 iterations.
Initializing Time: 0.175648
Processing Time: 0.017674
Target label 220 (intensities: 100-255) converged in 45 iterations.
Total Time: 0.193332
Target label 120 (intensities: 100-255) converged in 50 iterations.
Initializing Time: 0.176108
Processing Time: 0.018211
Total Time: 0.194323
Initializing Time: 0.177676
Processing Time: 0.017181
Total Time: 0.194862
Target label 80 (intensities: 100-255) converged in 35 iterations.
Initializing Time: 0.172972
Processing Time: 0.022188
Total Time: 0.195165
Target label 100 (intensities: 100-255) converged in 43 iterations.
Initializing Time: 0.176653
Processing Time: 0.018871
Total Time: 0.195527
Target label 180 (intensities: 100-255) converged in 59 iterations.
Initializing Time: 0.177224
Processing Time: 0.019155
Total Time: 0.196382
Target label 140 (intensities: 100-255) converged in 41 iterations.
Initializing Time: 0.190604
Processing Time: 0.007293
Total Time: 0.197901
Target label 200 (intensities: 100-255) converged in 20 iterations.
Initializing Time: 0.187953
Processing Time: 0.010054
Total Time: 0.198011
Target label 160 (intensities: 100-255) converged in 50 iterations.
Initializing Time: 0.202377
Processing Time: 0.002819
Total Time: 0.205200

Total Execution Time for LSS algorithm was: 215.794560 ms

