Target label 60 (intensities: 100-255) converged in 37 iterations.
Initializing Time: 0.176002
Processing Time: 0.029169
Total Time: 0.205183
Target label 220 (intensities: 100-255) converged in 45 iterations.
Initializing Time: 0.187295
Processing Time: 0.017898
Total Time: 0.205197
Target label 100 (intensities: 100-255) converged in 43 iterations.
Initializing Time: 0.192347
Processing Time: 0.013863
Total Time: 0.206215
Target label 180 (intensities: 100-255) converged in 59 iterations.
Initializing Time: 0.188400
Processing Time: 0.017939
Total Time: 0.206343
Target label 160 (intensities: 100-255) converged in 50 iterations.
Initializing Time: 0.193609
Processing Time: 0.012857
Total Time: 0.206473
Target label 140 (intensities: 100-255) converged in 41 iterations.
Initializing Time: 0.197403
Processing Time: 0.009204
Total Time: 0.206616
Target label 240 (intensities: 100-255) converged in 46 iterations.
Initializing Time: 0.196006
Processing Time: 0.010720
Total Time: 0.206732
Target label 80 (intensities: 100-255) converged in 35 iterations.
Initializing Time: 0.213694
Processing Time: 0.001907
Total Time: 0.215607
Target label 200 (intensities: 100-255) converged in 20 iterations.
Initializing Time: 0.217377
Processing Time: 0.004605
Total Time: 0.221986
Target label 120 (intensities: 100-255) converged in 50 iterations.
Initializing Time: 0.209948
Processing Time: 0.012077
Total Time: 0.222031

Total Execution Time for LSS algorithm was: 227.468979 ms

