Target label 60 (intensities: 100-255) converged in 37 iterations.
Initializing Time: 0.161891
Processing Time: 0.018718
Total Time: 0.180618
Target label 160 (intensities: 100-255) converged in 50 iterations.
Initializing Time: 0.173980
Processing Time: 0.008459
Total Time: 0.182444
Target label 140 (intensities: 100-255) converged in 41 iterations.
Initializing Time: 0.172667
Processing Time: 0.010486
Total Time: 0.183157
Target label 180 (intensities: 100-255) converged in 59 iterations.
Initializing Time: 0.178342
Processing Time: 0.008265
Total Time: 0.186611
Target label 120 (intensities: 100-255) converged in 50 iterations.
Initializing Time: 0.182019
Processing Time: 0.005280
Total Time: 0.187303
Target label 200 (intensities: 100-255) converged in 20 iterations.
Initializing Time: 0.203923
Processing Time: 0.001456
Total Time: 0.205384
Target label 240 (intensities: 100-255) converged in 46 iterations.
Initializing Time: 0.192657
Processing Time: 0.012996
Total Time: 0.205657
Target label 100 (intensities: 100-255) converged in 43 iterations.
Initializing Time: 0.196299
Processing Time: 0.009622
Total Time: 0.205925
Target label 80 (intensities: 100-255) converged in 35 iterations.
Initializing Time: 0.198185
Processing Time: 0.007933
Total Time: 0.206122
Target label 220 (intensities: 100-255) converged in 45 iterations.
Initializing Time: 0.213969
Processing Time: 0.004450
Total Time: 0.218423

Total Execution Time for LSS algorithm was: 224.244189 ms

