Target label 60 (intensities: 100-255) converged in 37 iterations.
Initializing Time: 0.184840
Processing Time: 0.014061
Total Time: 0.198907
Target label 220 (intensities: 100-255) converged in 45 iterations.
Initializing Time: 0.199580
Processing Time: 0.007763
Total Time: 0.207347
Target label 160 (intensities: 100-255) converged in 50 iterations.
Initializing Time: 0.200849
Processing Time: 0.009100
Total Time: 0.209954
Target label 80 (intensities: 100-255) converged in 35 iterations.
Initializing Time: 0.206257
Processing Time: 0.004329
Total Time: 0.210590
Target label 140 (intensities: 100-255) converged in 41 iterations.
Initializing Time: 0.212284
Processing Time: 0.002836
Total Time: 0.215124
Target label 200 (intensities: 100-255) converged in 20 iterations.
Initializing Time: 0.223332
Processing Time: 0.005407
Total Time: 0.228745
Target label 240 (intensities: 100-255) converged in 46 iterations.
Initializing Time: 0.220212
Processing Time: 0.009317
Total Time: 0.229533
Target label 100 (intensities: 100-255) converged in 43 iterations.
Initializing Time: 0.220533
Processing Time: 0.009132
Total Time: 0.229669
Target label 180 (intensities: 100-255) converged in 59 iterations.
Initializing Time: 0.220398
Processing Time: 0.009653
Total Time: 0.230055
Target label 120 (intensities: 100-255) converged in 50 iterations.
Initializing Time: 0.244922
Processing Time: 0.001872
Total Time: 0.246798

Total Execution Time for LSS algorithm was: 252.605376 ms

