Target label 60 (intensities: 100-255) converged in 37 iterations.
Initializing Time: 0.182517
Processing Time: 0.010817
Total Time: 0.193340
Target label 220 (intensities: 100-255) converged in 45 iterations.
Initializing Time: 0.196241
Processing Time: 0.002212
Total Time: 0.198458
Target label 160 (intensities: 100-255) converged in 50 iterations.
Initializing Time: 0.204334
Processing Time: 0.009382
Total Time: 0.213720
Target label 100 (intensities: 100-255) converged in 43 iterations.
Initializing Time: 0.197386
Processing Time: 0.016766
Total Time: 0.214156
Target label 180 (intensities: 100-255) converged in 59 iterations.
Initializing Time: 0.197771
Processing Time: 0.016656
Total Time: 0.214432
Target label 140 (intensities: 100-255) converged in 41 iterations.
Initializing Time: 0.197277
Processing Time: 0.019387
Total Time: 0.216669
Target label 240 (intensities: 100-255) converged in 46 iterations.
Initializing Time: 0.215642
Processing Time: 0.003443
Total Time: 0.219089
Target label 200 (intensities: 100-255) converged in 20 iterations.
Initializing Time: 0.228883
Processing Time: 0.001333
Total Time: 0.230221
Target label 80 (intensities: 100-255) converged in 35 iterations.
Initializing Time: 0.221371
Processing Time: 0.008997
Total Time: 0.230372
Target label 120 (intensities: 100-255) converged in 50 iterations.
Initializing Time: 0.246590
Processing Time: 0.001892
Total Time: 0.248486

Total Execution Time for LSS algorithm was: 254.312597 ms

