Target label 60 (intensities: 100-255) converged in 37 iterations.
Initializing Time: 0.151899
Processing Time: 0.030221
Total Time: 0.182126
Target label 200 (intensities: 100-255) converged in 20 iterations.
Initializing Time: 0.165519
Processing Time: 0.017339
Total Time: 0.182863
Target label 80 (intensities: 100-255) converged in 35 iterations.
Initializing Time: 0.176206
Processing Time: 0.007586
Total Time: 0.183799
Target label 120 (intensities: 100-255) converged in 50 iterations.
Initializing Time: 0.174463
Processing Time: 0.009541
Total Time: 0.184008
Target label 180 (intensities: 100-255) converged in 59 iterations.
Initializing Time: 0.176611
Processing Time: 0.007655
Total Time: 0.184271
Target label 240 (intensities: 100-255) converged in 46 iterations.
Initializing Time: 0.178728
Processing Time: 0.005824
Total Time: 0.184557
Target label 160 (intensities: 100-255) converged in 50 iterations.
Initializing Time: 0.170436
Processing Time: 0.014549
Total Time: 0.184989
Target label 140 (intensities: 100-255) converged in 41 iterations.
Initializing Time: 0.188973
Processing Time: 0.001724
Total Time: 0.190701
Target label 220 (intensities: 100-255) converged in 45 iterations.
Initializing Time: 0.188368
Processing Time: 0.002548
Total Time: 0.190920
Target label 100 (intensities: 100-255) converged in 43 iterations.
Initializing Time: 0.206312
Processing Time: 0.001786
Total Time: 0.208103

Total Execution Time for LSS algorithm was: 214.063207 ms

