Target label 60 (intensities: 100-255) converged in 37 iterations.
Initializing Time: 0.173296
Processing Time: 0.005945
Total Time: 0.179247
Target label 240 (intensities: 100-255) converged in 46 iterations.
Initializing Time: 0.202781
Processing Time: 0.008229
Total Time: 0.211015
Target label 220 (intensities: 100-255) converged in 45 iterations.
Initializing Time: 0.203246
Processing Time: 0.008648
Total Time: 0.211900
Target label 200 (intensities: 100-255) converged in 20 iterations.
Initializing Time: 0.205697
Processing Time: 0.007811
Total Time: 0.213512
Target label 160 (intensities: 100-255) converged in 50 iterations.
Initializing Time: 0.189493
Processing Time: 0.024511
Total Time: 0.214009
Target label 80 (intensities: 100-255) converged in 35 iterations.
Initializing Time: 0.212256
Processing Time: 0.002351
Total Time: 0.214612
Target label 140 (intensities: 100-255) converged in 41 iterations.
Initializing Time: 0.203992
Processing Time: 0.011025
Total Time: 0.215029
Target label 120 (intensities: 100-255) converged in 50 iterations.
Initializing Time: 0.189416
Processing Time: 0.026612
Total Time: 0.216033
Target label 100 (intensities: 100-255) converged in 43 iterations.
Initializing Time: 0.214364
Processing Time: 0.004048
Total Time: 0.218416
Target label 180 (intensities: 100-255) converged in 59 iterations.
Initializing Time: 0.204681
Processing Time: 0.013962
Total Time: 0.218647

Total Execution Time for LSS algorithm was: 224.497486 ms

