Target label 180 (intensities: 100-255) converged in 59 iterations.
Initializing Time: 0.149462
Processing Time: 0.024383
Total Time: 0.173852
Target label 140 (intensities: 100-255) converged in 41 iterations.
Initializing Time: 0.148879
Processing Time: 0.025181
Total Time: 0.174066
Target label 60 (intensities: 100-255) converged in 37 iterations.
Initializing Time: 0.136187
Processing Time: 0.038110
Target label 240 (intensities: 100-255) converged in 46 iterations.
Initializing Time: 0.160717
Processing Time: 0.013560
Total Time: 0.174281
Target label 220 (intensities: 100-255) converged in 45 iterations.
Initializing Time: 0.159858
Processing Time: 0.014572
Total Time: 0.174435
Target label 200 (intensities: 100-255) converged in 20 iterations.
Target label 160 (intensities: 100-255) converged in 50 iterations.
Initializing Time: 0.149473
Processing Time: 0.024990
Total Time: 0.174469
Initializing Time: 0.171980
Processing Time: 0.002491
Total Time: 0.174477
Total Time: 0.174303
Target label 120 (intensities: 100-255) converged in 50 iterations.
Initializing Time: 0.149362
Processing Time: 0.025152
Total Time: 0.174518
Target label 80 (intensities: 100-255) converged in 35 iterations.
Initializing Time: 0.157171
Processing Time: 0.017739
Total Time: 0.174916
Target label 100 (intensities: 100-255) converged in 43 iterations.
Initializing Time: 0.149110
Processing Time: 0.025856
Total Time: 0.174970

Total Execution Time for LSS algorithm was: 180.705485 ms

