Target label 60 (intensities: 100-255) converged in 37 iterations.
Initializing Time: 0.199245
Processing Time: 0.029558
Total Time: 0.228809
Target label 140 (intensities: 100-255) converged in 41 iterations.
Target label 160 (intensities: 100-255) converged in 50 iterations.
Initializing Time: 0.211977
Processing Time: 0.017947
Total Time: 0.229929
Initializing Time: 0.220886
Processing Time: 0.009053
Total Time: 0.229944
Target label 80 (intensities: 100-255) converged in 35 iterations.
Initializing Time: 0.214234
Processing Time: 0.015827
Total Time: 0.230065
Target label 240 (intensities: 100-255) converged in 46 iterations.
Initializing Time: 0.221453
Processing Time: 0.008763
Total Time: 0.230221
Target label 100 (intensities: 100-255) converged in 43 iterations.
Initializing Time: 0.222834
Processing Time: 0.007493
Total Time: 0.230330
Target label 220 (intensities: 100-255) converged in 45 iterations.
Initializing Time: 0.234430
Processing Time: 0.003043
Total Time: 0.237477
Target label 200 (intensities: 100-255) converged in 20 iterations.
Initializing Time: 0.241440
Processing Time: 0.003655
Total Time: 0.245100
Target label 180 (intensities: 100-255) converged in 59 iterations.
Initializing Time: 0.236175
Processing Time: 0.010309
Total Time: 0.246487
Target label 120 (intensities: 100-255) converged in 50 iterations.
Initializing Time: 0.256012
Processing Time: 0.004121
Total Time: 0.260139

Total Execution Time for LSS algorithm was: 270.515672 ms

