Target label 60 (intensities: 100-255) converged in 37 iterations.
Initializing Time: 0.153527
Processing Time: 0.022629
Total Time: 0.176161
Target label 120 (intensities: 100-255) converged in 50 iterations.
Initializing Time: 0.171430
Processing Time: 0.009315
Total Time: 0.180749
Target label 100 (intensities: 100-255) converged in 43 iterations.
Initializing Time: 0.175603
Processing Time: 0.005303
Total Time: 0.180909
Target label 160 (intensities: 100-255) converged in 50 iterations.
Initializing Time: 0.166790
Processing Time: 0.014252
Total Time: 0.181046
Target label 80 (intensities: 100-255) converged in 35 iterations.
Initializing Time: 0.166918
Processing Time: 0.014283
Total Time: 0.181204
Target label 200 (intensities: 100-255) converged in 20 iterations.
Initializing Time: 0.180850
Processing Time: 0.001832
Total Time: 0.182686
Target label 220 (intensities: 100-255) converged in 45 iterations.
Initializing Time: 0.190357
Processing Time: 0.002669
Total Time: 0.193030
Target label 140 (intensities: 100-255) converged in 41 iterations.
Initializing Time: 0.184744
Processing Time: 0.011300
Total Time: 0.196048
Target label 180 (intensities: 100-255) converged in 59 iterations.
Initializing Time: 0.184305
Processing Time: 0.012589
Total Time: 0.196898
Target label 240 (intensities: 100-255) converged in 46 iterations.
Initializing Time: 0.206787
Processing Time: 0.003667
Total Time: 0.210458

Total Execution Time for LSS algorithm was: 220.557683 ms

