Target label 60 (intensities: 100-255) converged in 37 iterations.
Initializing Time: 0.184426
Processing Time: 0.007133
Total Time: 0.191565
Target label 140 (intensities: 100-255) converged in 41 iterations.
Initializing Time: 0.195156
Processing Time: 0.004675
Total Time: 0.199835
Target label 200 (intensities: 100-255) converged in 20 iterations.
Initializing Time: 0.217028
Processing Time: 0.005888
Total Time: 0.222921
Target label 100 (intensities: 100-255) converged in 43 iterations.
Initializing Time: 0.205650
Processing Time: 0.017321
Total Time: 0.222976
Target label 160 (intensities: 100-255) converged in 50 iterations.
Initializing Time: 0.208645
Processing Time: 0.014343
Total Time: 0.222991
Target label 120 (intensities: 100-255) converged in 50 iterations.
Initializing Time: 0.205915
Processing Time: 0.017211
Total Time: 0.223130
Target label 80 (intensities: 100-255) converged in 35 iterations.
Initializing Time: 0.210725
Processing Time: 0.012613
Total Time: 0.223343
Target label 220 (intensities: 100-255) converged in 45 iterations.
Initializing Time: 0.221589
Processing Time: 0.001851
Total Time: 0.223445
Target label 180 (intensities: 100-255) converged in 59 iterations.
Initializing Time: 0.210037
Processing Time: 0.013862
Total Time: 0.223902
Target label 240 (intensities: 100-255) converged in 46 iterations.
Initializing Time: 0.238927
Processing Time: 0.001707
Total Time: 0.240638

Total Execution Time for LSS algorithm was: 246.493663 ms

