Target label 60 (intensities: 100-255) converged in 37 iterations.
Initializing Time: 0.135562
Processing Time: 0.010868
Total Time: 0.146435
Target label 220 (intensities: 100-255) converged in 45 iterations.
Initializing Time: 0.148961
Processing Time: 0.002766
Total Time: 0.151731
Target label 200 (intensities: 100-255) converged in 20 iterations.
Initializing Time: 0.151494
Processing Time: 0.002895
Total Time: 0.154393
Target label 120 (intensities: 100-255) converged in 50 iterations.
Initializing Time: 0.172262
Processing Time: 0.009644
Total Time: 0.181910
Target label 180 (intensities: 100-255) converged in 59 iterations.
Initializing Time: 0.167104
Processing Time: 0.015083
Total Time: 0.182190
Target label 80 (intensities: 100-255) converged in 35 iterations.
Initializing Time: 0.162440
Processing Time: 0.019979
Total Time: 0.182422
Target label 160 (intensities: 100-255) converged in 50 iterations.
Initializing Time: 0.162638
Processing Time: 0.021993
Total Time: 0.184637
Target label 140 (intensities: 100-255) converged in 41 iterations.
Initializing Time: 0.173181
Processing Time: 0.011667
Total Time: 0.184851
Target label 100 (intensities: 100-255) converged in 43 iterations.
Initializing Time: 0.175311
Processing Time: 0.010358
Total Time: 0.185673
Target label 240 (intensities: 100-255) converged in 46 iterations.
Initializing Time: 0.183362
Processing Time: 0.002870
Total Time: 0.186239

Total Execution Time for LSS algorithm was: 192.081958 ms

