Target label 60 (intensities: 100-255) converged in 37 iterations.
Initializing Time: 0.181555
Processing Time: 0.034810
Total Time: 0.216377
Target label 100 (intensities: 100-255) converged in 43 iterations.
Initializing Time: 0.194604
Processing Time: 0.021773
Total Time: 0.216401
Target label 120 (intensities: 100-255) converged in 50 iterations.
Initializing Time: 0.194523
Processing Time: 0.021893
Total Time: 0.216423
Target label 240 (intensities: 100-255) converged in 46 iterations.
Initializing Time: 0.205034
Processing Time: 0.011387
Total Time: 0.216425
Target label 140 (intensities: 100-255) converged in 41 iterations.
Initializing Time: 0.195734
Processing Time: 0.020943
Total Time: 0.216681
Target label 200 (intensities: 100-255) converged in 20 iterations.
Initializing Time: 0.214498
Processing Time: 0.002516
Total Time: 0.217018
Target label 80 (intensities: 100-255) converged in 35 iterations.
Initializing Time: 0.202123
Processing Time: 0.015526
Total Time: 0.217653
Target label 160 (intensities: 100-255) converged in 50 iterations.
Initializing Time: 0.223077
Processing Time: 0.004707
Total Time: 0.227788
Target label 180 (intensities: 100-255) converged in 59 iterations.
Initializing Time: 0.223164
Processing Time: 0.004904
Total Time: 0.228072
Target label 220 (intensities: 100-255) converged in 45 iterations.
Initializing Time: 0.239221
Processing Time: 0.003039
Total Time: 0.242268

Total Execution Time for LSS algorithm was: 248.136921 ms

