Target label 60 (intensities: 100-255) converged in 37 iterations.
Initializing Time: 0.125550
Processing Time: 0.011413
Total Time: 0.136970
Target label 80 (intensities: 100-255) converged in 35 iterations.
Initializing Time: 0.137289
Processing Time: 0.001767
Total Time: 0.139067
Target label 220 (intensities: 100-255) converged in 45 iterations.
Initializing Time: 0.145728
Processing Time: 0.009489
Total Time: 0.155219
Target label 100 (intensities: 100-255) converged in 43 iterations.
Initializing Time: 0.144996
Processing Time: 0.010681
Total Time: 0.155681
Target label 240 (intensities: 100-255) converged in 46 iterations.
Initializing Time: 0.154031
Processing Time: 0.002480
Total Time: 0.156515
Target label 140 (intensities: 100-255) converged in 41 iterations.
Initializing Time: 0.151215
Processing Time: 0.008046
Total Time: 0.159264
Target label 120 (intensities: 100-255) converged in 50 iterations.
Initializing Time: 0.147026
Processing Time: 0.012885
Total Time: 0.159918
Target label 160 (intensities: 100-255) converged in 50 iterations.
Initializing Time: 0.147481
Processing Time: 0.012736
Total Time: 0.160221
Target label 180 (intensities: 100-255) converged in 59 iterations.
Initializing Time: 0.158615
Processing Time: 0.003362
Total Time: 0.161978
Target label 200 (intensities: 100-255) converged in 20 iterations.
Initializing Time: 0.164606
Processing Time: 0.000920
Total Time: 0.165530

Total Execution Time for LSS algorithm was: 168.562524 ms

