Target label 60 (intensities: 100-255) converged in 37 iterations.
Initializing Time: 0.163375
Processing Time: 0.007602
Total Time: 0.170983
Target label 240 (intensities: 100-255) converged in 46 iterations.
Initializing Time: 0.174648
Processing Time: 0.006616
Total Time: 0.181271
Target label 200 (intensities: 100-255) converged in 20 iterations.
Initializing Time: 0.180766
Processing Time: 0.004399
Total Time: 0.185170
Target label 220 (intensities: 100-255) converged in 45 iterations.
Initializing Time: 0.192384
Processing Time: 0.011142
Total Time: 0.203530
Target label 140 (intensities: 100-255) converged in 41 iterations.
Initializing Time: 0.199252
Processing Time: 0.009452
Total Time: 0.208708
Target label 120 (intensities: 100-255) converged in 50 iterations.
Initializing Time: 0.195367
Processing Time: 0.013867
Total Time: 0.209238
Target label 100 (intensities: 100-255) converged in 43 iterations.
Initializing Time: 0.196889
Processing Time: 0.012535
Total Time: 0.209427
Target label 160 (intensities: 100-255) converged in 50 iterations.
Initializing Time: 0.187692
Processing Time: 0.021796
Total Time: 0.209492
Target label 80 (intensities: 100-255) converged in 35 iterations.
Initializing Time: 0.198670
Processing Time: 0.011085
Total Time: 0.209759
Target label 180 (intensities: 100-255) converged in 59 iterations.
Initializing Time: 0.213523
Processing Time: 0.004376
Total Time: 0.217902

Total Execution Time for LSS algorithm was: 223.772347 ms

