Target label 60 (intensities: 100-255) converged in 37 iterations.
Initializing Time: 0.182947
Processing Time: 0.012593
Total Time: 0.195546
Target label 160 (intensities: 100-255) converged in 50 iterations.
Initializing Time: 0.192468
Processing Time: 0.004628
Total Time: 0.197100
Target label 140 (intensities: 100-255) converged in 41 iterations.
Initializing Time: 0.206305
Processing Time: 0.009824
Total Time: 0.216134
Target label 100 (intensities: 100-255) converged in 43 iterations.
Initializing Time: 0.203882
Processing Time: 0.017117
Total Time: 0.221005
Target label 180 (intensities: 100-255) converged in 59 iterations.
Initializing Time: 0.202602
Processing Time: 0.022127
Total Time: 0.224734
Target label 220 (intensities: 100-255) converged in 45 iterations.
Initializing Time: 0.215298
Processing Time: 0.011341
Total Time: 0.226644
Target label 200 (intensities: 100-255) converged in 20 iterations.
Initializing Time: 0.219282
Processing Time: 0.008103
Total Time: 0.227391
Target label 120 (intensities: 100-255) converged in 50 iterations.
Initializing Time: 0.214384
Processing Time: 0.013254
Total Time: 0.227642
Target label 80 (intensities: 100-255) converged in 35 iterations.
Initializing Time: 0.212324
Processing Time: 0.015679
Total Time: 0.228007
Target label 240 (intensities: 100-255) converged in 46 iterations.
Initializing Time: 0.231233
Processing Time: 0.003287
Total Time: 0.234524

Total Execution Time for LSS algorithm was: 244.572739 ms

