Target label 60 (intensities: 100-255) converged in 37 iterations.
Initializing Time: 0.148782
Processing Time: 0.027030
Total Time: 0.175819
Target label 120 (intensities: 100-255) converged in 50 iterations.
Initializing Time: 0.167256
Processing Time: 0.009062
Total Time: 0.176322
Target label 200 (intensities: 100-255) converged in 20 iterations.
Initializing Time: 0.171320
Processing Time: 0.005045
Total Time: 0.176369
Target label 240 (intensities: 100-255) converged in 46 iterations.
Initializing Time: 0.162974
Processing Time: 0.013427
Total Time: 0.176406
Target label 140 (intensities: 100-255) converged in 41 iterations.
Initializing Time: 0.163166
Processing Time: 0.015082
Total Time: 0.178252
Target label 80 (intensities: 100-255) converged in 35 iterations.
Initializing Time: 0.181025
Processing Time: 0.001893
Total Time: 0.182923
Target label 160 (intensities: 100-255) converged in 50 iterations.
Initializing Time: 0.181474
Processing Time: 0.006380
Total Time: 0.187858
Target label 220 (intensities: 100-255) converged in 45 iterations.
Initializing Time: 0.190180
Processing Time: 0.004019
Total Time: 0.194203
Target label 180 (intensities: 100-255) converged in 59 iterations.
Initializing Time: 0.189964
Processing Time: 0.004874
Total Time: 0.194842
Target label 100 (intensities: 100-255) converged in 43 iterations.
Initializing Time: 0.205665
Processing Time: 0.003677
Total Time: 0.209347

Total Execution Time for LSS algorithm was: 215.263468 ms

