Target label 60 (intensities: 100-255) converged in 37 iterations.
Initializing Time: 0.177402
Processing Time: 0.009361
Total Time: 0.186774
Target label 220 (intensities: 100-255) converged in 45 iterations.
Initializing Time: 0.196653
Processing Time: 0.002177
Total Time: 0.198835
Target label 120 (intensities: 100-255) converged in 50 iterations.
Initializing Time: 0.188915
Processing Time: 0.011230
Total Time: 0.200150
Target label 200 (intensities: 100-255) converged in 20 iterations.
Initializing Time: 0.195137
Processing Time: 0.010681
Total Time: 0.205823
Target label 140 (intensities: 100-255) converged in 41 iterations.
Initializing Time: 0.202142
Processing Time: 0.004324
Total Time: 0.206469
Target label 80 (intensities: 100-255) converged in 35 iterations.
Initializing Time: 0.204267
Processing Time: 0.002547
Total Time: 0.206818
Target label 240 (intensities: 100-255) converged in 46 iterations.
Initializing Time: 0.213655
Processing Time: 0.001631
Total Time: 0.215289
Target label 160 (intensities: 100-255) converged in 50 iterations.
Initializing Time: 0.213594
Processing Time: 0.005295
Total Time: 0.218893
Target label 180 (intensities: 100-255) converged in 59 iterations.
Initializing Time: 0.213941
Processing Time: 0.005802
Total Time: 0.219749
Target label 100 (intensities: 100-255) converged in 43 iterations.
Initializing Time: 0.229517
Processing Time: 0.003501
Total Time: 0.233021

Total Execution Time for LSS algorithm was: 243.095077 ms

