Target label 60 (intensities: 100-255) converged in 37 iterations.
Initializing Time: 0.177403
Processing Time: 0.021441
Total Time: 0.198852
Target label 180 (intensities: 100-255) converged in 59 iterations.
Initializing Time: 0.196838
Processing Time: 0.008325
Total Time: 0.205169
Target label 80 (intensities: 100-255) converged in 35 iterations.
Initializing Time: 0.191942
Processing Time: 0.013820
Total Time: 0.205767
Target label 200 (intensities: 100-255) converged in 20 iterations.
Initializing Time: 0.205541
Processing Time: 0.002891
Total Time: 0.208436
Target label 100 (intensities: 100-255) converged in 43 iterations.
Initializing Time: 0.200787
Processing Time: 0.007790
Total Time: 0.208581
Target label 120 (intensities: 100-255) converged in 50 iterations.
Initializing Time: 0.200670
Processing Time: 0.008159
Total Time: 0.208834
Target label 140 (intensities: 100-255) converged in 41 iterations.
Initializing Time: 0.204591
Processing Time: 0.007067
Total Time: 0.211663
Target label 160 (intensities: 100-255) converged in 50 iterations.
Initializing Time: 0.209697
Processing Time: 0.004799
Total Time: 0.214500
Target label 220 (intensities: 100-255) converged in 45 iterations.
Initializing Time: 0.216365
Processing Time: 0.002586
Total Time: 0.218955
Target label 240 (intensities: 100-255) converged in 46 iterations.
Initializing Time: 0.230801
Processing Time: 0.003868
Total Time: 0.234673

Total Execution Time for LSS algorithm was: 240.490627 ms

