Target label 60 (intensities: 100-255) converged in 37 iterations.
Initializing Time: 0.186283
Processing Time: 0.031422
Total Time: 0.217711
Target label 100 (intensities: 100-255) converged in 43 iterations.
Initializing Time: 0.199104
Target label 80 (intensities: 100-255) converged in 35 iterations.
Target label 140 (intensities: 100-255) converged in 41 iterations.
Target label 160 (intensities: 100-255) converged in 50 iterations.
Initializing Time: 0.200686
Initializing Time: 0.202228
Processing Time: 0.015578
Initializing Time: 0.200652
Processing Time: 0.017173
Total Time: 0.217831
Processing Time: 0.018655
Total Time: 0.217851
Total Time: 0.217816
Processing Time: 0.017118
Total Time: 0.217886
Target label 200 (intensities: 100-255) converged in 20 iterations.
Initializing Time: 0.213129
Processing Time: 0.005195
Total Time: 0.218330
Target label 180 (intensities: 100-255) converged in 59 iterations.
Initializing Time: 0.213210
Processing Time: 0.006429
Total Time: 0.219643
Target label 240 (intensities: 100-255) converged in 46 iterations.
Initializing Time: 0.226572
Processing Time: 0.004322
Total Time: 0.230897
Target label 120 (intensities: 100-255) converged in 50 iterations.
Initializing Time: 0.225172
Processing Time: 0.006040
Total Time: 0.231219
Target label 220 (intensities: 100-255) converged in 45 iterations.
Initializing Time: 0.241580
Processing Time: 0.001644
Total Time: 0.243228

Total Execution Time for LSS algorithm was: 249.146567 ms

