Target label 60 (intensities: 100-255) converged in 37 iterations.
Initializing Time: 0.150307
Processing Time: 0.021563
Total Time: 0.171877
Target label 240 (intensities: 100-255) converged in 46 iterations.
Initializing Time: 0.160705
Processing Time: 0.011581
Total Time: 0.172288
Target label 80 (intensities: 100-255) converged in 35 iterations.
Initializing Time: 0.161313
Processing Time: 0.011424
Total Time: 0.172739
Target label 220 (intensities: 100-255) converged in 45 iterations.
Initializing Time: 0.162210
Processing Time: 0.011528
Total Time: 0.173742
Target label 160 (intensities: 100-255) converged in 50 iterations.
Initializing Time: 0.171296
Processing Time: 0.005743
Total Time: 0.177041
Target label 140 (intensities: 100-255) converged in 41 iterations.
Initializing Time: 0.162534
Processing Time: 0.016174
Total Time: 0.178712
Target label 180 (intensities: 100-255) converged in 59 iterations.
Initializing Time: 0.170705
Processing Time: 0.008489
Total Time: 0.179197
Target label 200 (intensities: 100-255) converged in 20 iterations.
Initializing Time: 0.173678
Processing Time: 0.005766
Total Time: 0.179446
Target label 100 (intensities: 100-255) converged in 43 iterations.
Initializing Time: 0.178009
Processing Time: 0.002985
Total Time: 0.180997
Target label 120 (intensities: 100-255) converged in 50 iterations.
Initializing Time: 0.196874
Processing Time: 0.002088
Total Time: 0.198967

Total Execution Time for LSS algorithm was: 202.331001 ms

