Target label 60 (intensities: 100-255) converged in 37 iterations.
Initializing Time: 0.165248
Processing Time: 0.017405
Total Time: 0.182658
Target label 140 (intensities: 100-255) converged in 41 iterations.
Initializing Time: 0.177757
Processing Time: 0.005314
Total Time: 0.183074
Target label 100 (intensities: 100-255) converged in 43 iterations.
Initializing Time: 0.179751
Processing Time: 0.004599
Total Time: 0.184356
Target label 240 (intensities: 100-255) converged in 46 iterations.
Initializing Time: 0.195686
Processing Time: 0.011588
Total Time: 0.207278
Target label 120 (intensities: 100-255) converged in 50 iterations.
Initializing Time: 0.189482
Processing Time: 0.019269
Total Time: 0.208756
Target label 200 (intensities: 100-255) converged in 20 iterations.
Initializing Time: 0.203459
Processing Time: 0.009061
Total Time: 0.212524
Target label 160 (intensities: 100-255) converged in 50 iterations.
Initializing Time: 0.198486
Processing Time: 0.014724
Total Time: 0.213214
Target label 180 (intensities: 100-255) converged in 59 iterations.
Initializing Time: 0.197806
Processing Time: 0.015412
Total Time: 0.213222
Target label 80 (intensities: 100-255) converged in 35 iterations.
Initializing Time: 0.207563
Processing Time: 0.005796
Total Time: 0.213362
Target label 220 (intensities: 100-255) converged in 45 iterations.
Initializing Time: 0.221240
Processing Time: 0.001731
Total Time: 0.222975

Total Execution Time for LSS algorithm was: 233.676054 ms

