Target label 60 (intensities: 100-255) converged in 37 iterations.
Initializing Time: 0.177185
Processing Time: 0.034529
Target label 140 (intensities: 100-255) converged in 41 iterations.
Target label 220 (intensities: 100-255) converged in 45 iterations.
Initializing Time: 0.201501
Processing Time: 0.010225
Total Time: 0.211730
Target label 100 (intensities: 100-255) converged in 43 iterations.
Target label 120 (intensities: 100-255) converged in 50 iterations.
Initializing Time: 0.193355
Processing Time: 0.018447
Total Time: 0.211807
Initializing Time: 0.191343
Processing Time: 0.020490
Total Time: 0.211842
Initializing Time: 0.191419
Processing Time: 0.020433
Total Time: 0.211725
Total Time: 0.211858
Target label 200 (intensities: 100-255) converged in 20 iterations.
Initializing Time: 0.202685
Processing Time: 0.009557
Total Time: 0.212246
Target label 160 (intensities: 100-255) converged in 50 iterations.
Initializing Time: 0.202086
Processing Time: 0.010842
Total Time: 0.212933
Target label 80 (intensities: 100-255) converged in 35 iterations.
Initializing Time: 0.196074
Processing Time: 0.017151
Total Time: 0.213229
Target label 180 (intensities: 100-255) converged in 59 iterations.
Initializing Time: 0.216470
Processing Time: 0.003947
Total Time: 0.220420
Target label 240 (intensities: 100-255) converged in 46 iterations.
Initializing Time: 0.232544
Processing Time: 0.002887
Total Time: 0.235435

Total Execution Time for LSS algorithm was: 245.076896 ms

