Target label 60 (intensities: 100-255) converged in 37 iterations.
Initializing Time: 0.192720
Processing Time: 0.017017
Total Time: 0.209744
Target label 200 (intensities: 100-255) converged in 20 iterations.
Initializing Time: 0.205700
Processing Time: 0.004754
Total Time: 0.210460
Target label 160 (intensities: 100-255) converged in 50 iterations.
Initializing Time: 0.205785
Processing Time: 0.005986
Total Time: 0.211776
Target label 120 (intensities: 100-255) converged in 50 iterations.
Initializing Time: 0.219391
Processing Time: 0.011549
Total Time: 0.230944
Target label 100 (intensities: 100-255) converged in 43 iterations.
Initializing Time: 0.223424
Processing Time: 0.007646
Total Time: 0.231075
Target label 220 (intensities: 100-255) converged in 45 iterations.
Initializing Time: 0.229831
Processing Time: 0.002007
Total Time: 0.231843
Target label 140 (intensities: 100-255) converged in 41 iterations.
Initializing Time: 0.222450
Processing Time: 0.015586
Total Time: 0.238040
Target label 180 (intensities: 100-255) converged in 59 iterations.
Initializing Time: 0.226861
Processing Time: 0.011983
Total Time: 0.238848
Target label 80 (intensities: 100-255) converged in 35 iterations.
Initializing Time: 0.223513
Processing Time: 0.015518
Total Time: 0.239035
Target label 240 (intensities: 100-255) converged in 46 iterations.
Initializing Time: 0.254560
Processing Time: 0.002100
Total Time: 0.256663

Total Execution Time for LSS algorithm was: 262.547365 ms

