Target label 60 (intensities: 100-255) converged in 37 iterations.
Initializing Time: 0.178850
Processing Time: 0.030261
Total Time: 0.209117
Target label 200 (intensities: 100-255) converged in 20 iterations.
Initializing Time: 0.197468
Processing Time: 0.011652
Target label 240 (intensities: 100-255) converged in 46 iterations.
Initializing Time: 0.195295
Processing Time: 0.013854
Target label 120 (intensities: 100-255) converged in 50 iterations.
Target label 140 (intensities: 100-255) converged in 41 iterations.
Initializing Time: 0.189500
Initializing Time: 0.191176
Total Time: 0.209124
Processing Time: 0.019677
Total Time: 0.209215
Total Time: 0.209155
Processing Time: 0.018009
Total Time: 0.209365
Target label 80 (intensities: 100-255) converged in 35 iterations.
Initializing Time: 0.201906
Processing Time: 0.008644
Total Time: 0.210554
Target label 160 (intensities: 100-255) converged in 50 iterations.
Initializing Time: 0.204074
Processing Time: 0.006857
Total Time: 0.210937
Target label 180 (intensities: 100-255) converged in 59 iterations.
Initializing Time: 0.204063
Processing Time: 0.007480
Total Time: 0.211547
Target label 220 (intensities: 100-255) converged in 45 iterations.
Initializing Time: 0.211778
Processing Time: 0.004255
Total Time: 0.216037
Target label 100 (intensities: 100-255) converged in 43 iterations.
Initializing Time: 0.231765
Processing Time: 0.001767
Total Time: 0.233536

Total Execution Time for LSS algorithm was: 239.397448 ms

