Target label 60 (intensities: 100-255) converged in 37 iterations.
Initializing Time: 0.162993
Processing Time: 0.030022
Total Time: 0.193024
Target label 140 (intensities: 100-255) converged in 41 iterations.
Initializing Time: 0.179267
Processing Time: 0.013763
Total Time: 0.193034
Target label 120 (intensities: 100-255) converged in 50 iterations.
Initializing Time: 0.187970
Processing Time: 0.005984
Total Time: 0.193958
Target label 160 (intensities: 100-255) converged in 50 iterations.
Initializing Time: 0.185622
Processing Time: 0.008729
Total Time: 0.194356
Target label 100 (intensities: 100-255) converged in 43 iterations.
Initializing Time: 0.184427
Processing Time: 0.010292
Total Time: 0.194724
Target label 80 (intensities: 100-255) converged in 35 iterations.
Initializing Time: 0.188383
Processing Time: 0.006608
Total Time: 0.194994
Target label 220 (intensities: 100-255) converged in 45 iterations.
Initializing Time: 0.199665
Processing Time: 0.004431
Total Time: 0.204100
Target label 200 (intensities: 100-255) converged in 20 iterations.
Initializing Time: 0.201956
Processing Time: 0.004753
Total Time: 0.206715
Target label 240 (intensities: 100-255) converged in 46 iterations.
Initializing Time: 0.200547
Processing Time: 0.006936
Total Time: 0.207488
Target label 180 (intensities: 100-255) converged in 59 iterations.
Initializing Time: 0.217455
Processing Time: 0.003519
Total Time: 0.220980

Total Execution Time for LSS algorithm was: 231.107610 ms

