Target label 60 (intensities: 100-255) converged in 37 iterations.
Initializing Time: 0.174414
Processing Time: 0.008791
Total Time: 0.183213
Target label 200 (intensities: 100-255) converged in 20 iterations.
Initializing Time: 0.190977
Processing Time: 0.002572
Total Time: 0.193553
Target label 180 (intensities: 100-255) converged in 59 iterations.
Initializing Time: 0.186177
Processing Time: 0.007766
Total Time: 0.193947
Target label 140 (intensities: 100-255) converged in 41 iterations.
Initializing Time: 0.191005
Processing Time: 0.003050
Total Time: 0.194059
Target label 100 (intensities: 100-255) converged in 43 iterations.
Initializing Time: 0.202517
Processing Time: 0.002282
Total Time: 0.204803
Target label 240 (intensities: 100-255) converged in 46 iterations.
Initializing Time: 0.202054
Processing Time: 0.011577
Total Time: 0.213635
Target label 120 (intensities: 100-255) converged in 50 iterations.
Initializing Time: 0.201372
Processing Time: 0.016575
Total Time: 0.217951
Target label 80 (intensities: 100-255) converged in 35 iterations.
Initializing Time: 0.210216
Processing Time: 0.008384
Total Time: 0.218604
Target label 160 (intensities: 100-255) converged in 50 iterations.
Initializing Time: 0.203922
Processing Time: 0.014966
Total Time: 0.218894
Target label 220 (intensities: 100-255) converged in 45 iterations.
Initializing Time: 0.225771
Processing Time: 0.001671
Total Time: 0.227446

Total Execution Time for LSS algorithm was: 233.223519 ms

