Target label 60 (intensities: 100-255) converged in 37 iterations.
Initializing Time: 0.139026
Processing Time: 0.017701
Total Time: 0.156731
Target label 140 (intensities: 100-255) converged in 41 iterations.
Initializing Time: 0.145476
Processing Time: 0.011586
Total Time: 0.157066
Target label 100 (intensities: 100-255) converged in 43 iterations.
Initializing Time: 0.144720
Processing Time: 0.012730
Total Time: 0.157453
Target label 180 (intensities: 100-255) converged in 59 iterations.
Initializing Time: 0.151679
Processing Time: 0.005847
Total Time: 0.157528
Target label 120 (intensities: 100-255) converged in 50 iterations.
Initializing Time: 0.146165
Processing Time: 0.011472
Total Time: 0.157648
Target label 220 (intensities: 100-255) converged in 45 iterations.
Initializing Time: 0.152657
Processing Time: 0.006004
Total Time: 0.158664
Target label 240 (intensities: 100-255) converged in 46 iterations.
Initializing Time: 0.157271
Processing Time: 0.001628
Total Time: 0.158904
Target label 160 (intensities: 100-255) converged in 50 iterations.
Initializing Time: 0.146040
Processing Time: 0.014036
Total Time: 0.160081
Target label 80 (intensities: 100-255) converged in 35 iterations.
Initializing Time: 0.160800
Processing Time: 0.002662
Total Time: 0.163466
Target label 200 (intensities: 100-255) converged in 20 iterations.
Initializing Time: 0.165910
Processing Time: 0.001908
Total Time: 0.167824

Total Execution Time for LSS algorithm was: 170.869939 ms

