Target label 60 (intensities: 100-255) converged in 37 iterations.
Initializing Time: 0.165972
Target label 220 (intensities: 100-255) converged in 45 iterations.
Processing Time: 0.022912
Total Time: 0.188920
Initializing Time: 0.177321
Processing Time: 0.011613
Total Time: 0.188940
Target label 200 (intensities: 100-255) converged in 20 iterations.
Initializing Time: 0.188601
Processing Time: 0.000935
Total Time: 0.189539
Target label 160 (intensities: 100-255) converged in 50 iterations.
Initializing Time: 0.175214
Processing Time: 0.014480
Total Time: 0.189698
Target label 80 (intensities: 100-255) converged in 35 iterations.
Initializing Time: 0.176240
Processing Time: 0.013667
Total Time: 0.189911
Target label 240 (intensities: 100-255) converged in 46 iterations.
Initializing Time: 0.187691
Processing Time: 0.003514
Total Time: 0.191210
Target label 100 (intensities: 100-255) converged in 43 iterations.
Initializing Time: 0.176555
Processing Time: 0.016762
Total Time: 0.193332
Target label 140 (intensities: 100-255) converged in 41 iterations.
Initializing Time: 0.179439
Processing Time: 0.014307
Total Time: 0.193753
Target label 180 (intensities: 100-255) converged in 59 iterations.
Initializing Time: 0.188395
Processing Time: 0.006466
Total Time: 0.194865
Target label 120 (intensities: 100-255) converged in 50 iterations.
Initializing Time: 0.195430
Processing Time: 0.002940
Total Time: 0.198374

Total Execution Time for LSS algorithm was: 202.009242 ms

