Target label 60 (intensities: 100-255) converged in 37 iterations.
Initializing Time: 0.151905
Processing Time: 0.027755
Total Time: 0.179666
Target label 160 (intensities: 100-255) converged in 50 iterations.
Initializing Time: 0.166291
Processing Time: 0.013393
Total Time: 0.179687
Target label 100 (intensities: 100-255) converged in 43 iterations.
Initializing Time: 0.162770
Target label 240 (intensities: 100-255) converged in 46 iterations.
Initializing Time: 0.163364
Processing Time: 0.016367
Total Time: 0.179734
Processing Time: 0.016944
Total Time: 0.179739
Target label 200 (intensities: 100-255) converged in 20 iterations.
Initializing Time: 0.176107
Processing Time: 0.003997
Total Time: 0.180107
Target label 80 (intensities: 100-255) converged in 35 iterations.
Initializing Time: 0.176099
Processing Time: 0.004511
Total Time: 0.180613
Target label 120 (intensities: 100-255) converged in 50 iterations.
Initializing Time: 0.169408
Processing Time: 0.011294
Total Time: 0.180707
Target label 140 (intensities: 100-255) converged in 41 iterations.
Initializing Time: 0.183276
Processing Time: 0.002572
Total Time: 0.185852
Target label 220 (intensities: 100-255) converged in 45 iterations.
Initializing Time: 0.189235
Processing Time: 0.001766
Total Time: 0.191005
Target label 180 (intensities: 100-255) converged in 59 iterations.
Initializing Time: 0.203086
Processing Time: 0.002389
Total Time: 0.205478

Total Execution Time for LSS algorithm was: 209.407054 ms

