Finished Processing files with 5 Objects in the image of size 2048x2048
Algorithm converged in 4 iterations.
Initializing Time: 0.083550
Processing Time: 0.436810
Total Time: 0.520366
Algorithm converged in 4 iterations.
Initializing Time: 0.087900
Processing Time: 0.478906
Total Time: 0.566810
Algorithm converged in 6 iterations.
Initializing Time: 0.089567
Processing Time: 0.519678
Total Time: 0.609250
Algorithm converged in 6 iterations.
Initializing Time: 0.102886
Processing Time: 0.529966
Total Time: 0.632857
Algorithm converged in 9 iterations.
Initializing Time: 0.085602
Processing Time: 0.600693
Total Time: 0.686301

Total Execution Time for LSS algorithm was: 694.792851 ms

