Finished Processing files with 5 Objects in the image of size 2048x2048
Algorithm converged in 3 iterations.
Initializing Time: 0.115337
Processing Time: 0.360206
Total Time: 0.475549
Algorithm converged in 4 iterations.
Initializing Time: 0.105279
Processing Time: 0.397763
Total Time: 0.503047
Algorithm converged in 6 iterations.
Initializing Time: 0.109793
Processing Time: 0.466033
Total Time: 0.575834
Algorithm converged in 8 iterations.
Initializing Time: 0.107904
Processing Time: 0.514869
Total Time: 0.622777
Algorithm converged in 9 iterations.
Initializing Time: 0.119405
Processing Time: 0.534315
Total Time: 0.653725

Total Execution Time for LSS algorithm was: 662.314778 ms

