Finished Processing files with 5 Objects in the image of size 2048x2048
Algorithm converged in 4 iterations.
Initializing Time: 0.103682
Processing Time: 0.451239
Total Time: 0.554925
Algorithm converged in 4 iterations.
Initializing Time: 0.103284
Processing Time: 0.507117
Total Time: 0.610405
Algorithm converged in 6 iterations.
Initializing Time: 0.104348
Processing Time: 0.639096
Total Time: 0.743450
Algorithm converged in 7 iterations.
Initializing Time: 0.103354
Processing Time: 0.643116
Total Time: 0.746475
Algorithm converged in 9 iterations.
Initializing Time: 0.101067
Processing Time: 0.691581
Total Time: 0.792653

Total Execution Time for LSS algorithm was: 799.689383 ms

