Finished Processing files with 5 Objects in the image of size 2048x2048
Algorithm converged in 3 iterations.
Initializing Time: 0.109453
Processing Time: 0.463670
Total Time: 0.573129
Algorithm converged in 4 iterations.
Initializing Time: 0.101085
Processing Time: 0.546563
Total Time: 0.647653
Algorithm converged in 6 iterations.
Initializing Time: 0.143476
Processing Time: 0.571773
Total Time: 0.715254
Algorithm converged in 7 iterations.
Initializing Time: 0.109706
Processing Time: 0.623547
Total Time: 0.733258
Algorithm converged in 9 iterations.
Initializing Time: 0.110149
Processing Time: 0.674138
Total Time: 0.784293

Total Execution Time for LSS algorithm was: 792.016974 ms

