Finished Processing files with 5 Objects in the image of size 2048x2048
Algorithm converged in 4 iterations.
Initializing Time: 0.089835
Processing Time: 0.288551
Total Time: 0.378389
Algorithm converged in 4 iterations.
Initializing Time: 0.089819
Processing Time: 0.340701
Total Time: 0.430523
Algorithm converged in 6 iterations.
Initializing Time: 0.099492
Processing Time: 0.410062
Total Time: 0.509559
Algorithm converged in 6 iterations.
Initializing Time: 0.134690
Processing Time: 0.401453
Total Time: 0.536154
Algorithm converged in 9 iterations.
Initializing Time: 0.098745
Processing Time: 0.464719
Total Time: 0.563468

Total Execution Time for LSS algorithm was: 573.282461 ms

