Finished Processing files with 5 Objects in the image of size 2048x2048
Algorithm converged in 3 iterations.
Initializing Time: 0.092418
Processing Time: 0.333957
Total Time: 0.426380
Algorithm converged in 4 iterations.
Initializing Time: 0.089504
Processing Time: 0.456880
Total Time: 0.546389
Algorithm converged in 6 iterations.
Initializing Time: 0.095538
Processing Time: 0.453928
Total Time: 0.549471
Algorithm converged in 7 iterations.
Initializing Time: 0.104409
Processing Time: 0.493656
Total Time: 0.598070
Algorithm converged in 9 iterations.
Initializing Time: 0.089823
Processing Time: 0.538990
Total Time: 0.628818

Total Execution Time for LSS algorithm was: 636.653935 ms

