Finished Processing files with 5 Objects in the image of size 2048x2048
Algorithm converged in 4 iterations.
Initializing Time: 0.094493
Processing Time: 0.357939
Total Time: 0.452438
Algorithm converged in 3 iterations.
Initializing Time: 0.094530
Processing Time: 0.430864
Total Time: 0.525400
Algorithm converged in 7 iterations.
Initializing Time: 0.096072
Processing Time: 0.559668
Total Time: 0.655746
Algorithm converged in 6 iterations.
Initializing Time: 0.098466
Processing Time: 0.594127
Total Time: 0.692600
Algorithm converged in 9 iterations.
Initializing Time: 0.097455
Processing Time: 0.643148
Total Time: 0.740610

Total Execution Time for LSS algorithm was: 747.704652 ms

