Finished Processing files with 5 Objects in the image of size 2048x2048
Algorithm converged in 3 iterations.
Initializing Time: 0.087857
Processing Time: 0.380258
Total Time: 0.468123
Algorithm converged in 4 iterations.
Initializing Time: 0.091360
Processing Time: 0.503559
Total Time: 0.594925
Algorithm converged in 6 iterations.
Initializing Time: 0.130220
Processing Time: 0.560311
Total Time: 0.690537
Algorithm converged in 7 iterations.
Initializing Time: 0.120506
Processing Time: 0.584356
Total Time: 0.704869
Algorithm converged in 9 iterations.
Initializing Time: 0.102768
Processing Time: 0.628228
Total Time: 0.731002

Total Execution Time for LSS algorithm was: 738.109940 ms

