Finished Processing files with 5 Objects in the image of size 2048x2048
Algorithm converged in 4 iterations.
Initializing Time: 0.111487
Processing Time: 0.433608
Total Time: 0.545099
Algorithm converged in 4 iterations.
Initializing Time: 0.103171
Processing Time: 0.462600
Total Time: 0.565777
Algorithm converged in 6 iterations.
Initializing Time: 0.111424
Processing Time: 0.552087
Total Time: 0.663516
Algorithm converged in 6 iterations.
Initializing Time: 0.104263
Processing Time: 0.570137
Total Time: 0.674406
Algorithm converged in 9 iterations.
Initializing Time: 0.102560
Processing Time: 0.592373
Total Time: 0.694937

Total Execution Time for LSS algorithm was: 702.777700 ms

