Finished Processing files with 5 Objects in the image of size 2048x2048
Algorithm converged in 4 iterations.
Initializing Time: 0.098367
Processing Time: 0.296670
Total Time: 0.395044
Algorithm converged in 4 iterations.
Initializing Time: 0.098445
Processing Time: 0.523618
Total Time: 0.622068
Algorithm converged in 6 iterations.
Initializing Time: 0.094505
Processing Time: 0.527887
Total Time: 0.622397
Algorithm converged in 7 iterations.
Initializing Time: 0.106086
Processing Time: 0.605482
Total Time: 0.711575
Algorithm converged in 9 iterations.
Initializing Time: 0.109583
Processing Time: 0.635545
Total Time: 0.745132

Total Execution Time for LSS algorithm was: 752.949827 ms

