Finished Processing files with 5 Objects in the image of size 2048x2048
Algorithm converged in 3 iterations.
Initializing Time: 0.099240
Processing Time: 0.425651
Total Time: 0.524898
Algorithm converged in 4 iterations.
Initializing Time: 0.085542
Processing Time: 0.539547
Total Time: 0.625096
Algorithm converged in 6 iterations.
Initializing Time: 0.131779
Processing Time: 0.591582
Total Time: 0.723366
Algorithm converged in 7 iterations.
Initializing Time: 0.088715
Processing Time: 0.649820
Total Time: 0.738541
Algorithm converged in 9 iterations.
Initializing Time: 0.084711
Processing Time: 0.693200
Total Time: 0.777917

Total Execution Time for LSS algorithm was: 790.194348 ms

