Finished Processing files with 5 Objects in the image of size 2048x2048
Algorithm converged in 3 iterations.
Initializing Time: 0.112483
Processing Time: 0.437013
Total Time: 0.549501
Algorithm converged in 5 iterations.
Initializing Time: 0.111181
Processing Time: 0.451565
Total Time: 0.562751
Algorithm converged in 3 iterations.
Initializing Time: 0.096502
Processing Time: 0.495602
Total Time: 0.592111
Algorithm converged in 7 iterations.
Initializing Time: 0.116459
Processing Time: 0.514622
Total Time: 0.631089
Algorithm converged in 9 iterations.
Initializing Time: 0.095585
Processing Time: 0.598994
Total Time: 0.694583

Total Execution Time for LSS algorithm was: 706.036773 ms

