Finished Processing files with 5 Objects in the image of size 2048x2048
Algorithm converged in 3 iterations.
Initializing Time: 0.094953
Processing Time: 0.314615
Total Time: 0.409574
Algorithm converged in 4 iterations.
Initializing Time: 0.096248
Processing Time: 0.433203
Total Time: 0.529457
Algorithm converged in 6 iterations.
Initializing Time: 0.144801
Processing Time: 0.524507
Total Time: 0.669314
Algorithm converged in 7 iterations.
Initializing Time: 0.120132
Processing Time: 0.564173
Total Time: 0.684310
Algorithm converged in 9 iterations.
Initializing Time: 0.095525
Processing Time: 0.610758
Total Time: 0.706288

Total Execution Time for LSS algorithm was: 719.054023 ms

