Finished Processing files with 5 Objects in the image of size 2048x2048
Algorithm converged in 4 iterations.
Initializing Time: 0.085482
Processing Time: 0.450715
Total Time: 0.536202
Algorithm converged in 4 iterations.
Initializing Time: 0.087231
Processing Time: 0.513541
Total Time: 0.600777
Algorithm converged in 6 iterations.
Initializing Time: 0.152087
Processing Time: 0.519229
Total Time: 0.671321
Algorithm converged in 7 iterations.
Initializing Time: 0.097717
Processing Time: 0.589352
Total Time: 0.687073
Algorithm converged in 9 iterations.
Initializing Time: 0.095221
Processing Time: 0.662472
Total Time: 0.757698

Total Execution Time for LSS algorithm was: 769.872209 ms

