Finished Processing files with 5 Objects in the image of size 2048x2048
Algorithm converged in 3 iterations.
Initializing Time: 0.102988
Processing Time: 0.269121
Total Time: 0.372114
Algorithm converged in 3 iterations.
Initializing Time: 0.105055
Processing Time: 0.369244
Total Time: 0.474304
Algorithm converged in 6 iterations.
Initializing Time: 0.105516
Processing Time: 0.423658
Total Time: 0.529179
Algorithm converged in 6 iterations.
Initializing Time: 0.110991
Processing Time: 0.442899
Total Time: 0.553894
Algorithm converged in 9 iterations.
Initializing Time: 0.103569
Processing Time: 0.517709
Total Time: 0.621283

Total Execution Time for LSS algorithm was: 635.229882 ms

