Finished Processing files with 5 Objects in the image of size 2048x2048
Algorithm converged in 4 iterations.
Initializing Time: 0.120295
Processing Time: 0.388065
Total Time: 0.508365
Algorithm converged in 3 iterations.
Initializing Time: 0.115980
Processing Time: 0.414093
Total Time: 0.530078
Algorithm converged in 6 iterations.
Initializing Time: 0.118215
Processing Time: 0.496696
Total Time: 0.614920
Algorithm converged in 7 iterations.
Initializing Time: 0.118102
Processing Time: 0.542810
Total Time: 0.660919
Algorithm converged in 9 iterations.
Initializing Time: 0.116009
Processing Time: 0.625503
Total Time: 0.741518

Total Execution Time for LSS algorithm was: 753.136993 ms

