Finished Processing files with 5 Objects in the image of size 2048x2048
Algorithm converged in 4 iterations.
Initializing Time: 0.100024
Processing Time: 0.516408
Total Time: 0.616438
Algorithm converged in 4 iterations.
Initializing Time: 0.105696
Processing Time: 0.521969
Total Time: 0.627669
Algorithm converged in 6 iterations.
Initializing Time: 0.289066
Processing Time: 0.507112
Total Time: 0.796185
Algorithm converged in 7 iterations.
Initializing Time: 0.104666
Processing Time: 0.708819
Total Time: 0.813489
Algorithm converged in 9 iterations.
Initializing Time: 0.100704
Processing Time: 0.743096
Total Time: 0.843805

Total Execution Time for LSS algorithm was: 855.935122 ms

