Finished Processing files with 5 Objects in the image of size 2048x2048
Algorithm converged in 4 iterations.
Initializing Time: 0.111756
Processing Time: 0.405442
Total Time: 0.517204
Algorithm converged in 4 iterations.
Initializing Time: 0.092504
Processing Time: 0.477561
Total Time: 0.570072
Algorithm converged in 7 iterations.
Initializing Time: 0.098100
Processing Time: 0.535782
Total Time: 0.633887
Algorithm converged in 6 iterations.
Initializing Time: 0.116074
Processing Time: 0.549308
Total Time: 0.665387
Algorithm converged in 9 iterations.
Initializing Time: 0.094748
Processing Time: 0.605980
Total Time: 0.700732

Total Execution Time for LSS algorithm was: 712.903227 ms

