Finished Processing files with 5 Objects in the image of size 2048x2048
Algorithm converged in 4 iterations.
Initializing Time: 0.104581
Processing Time: 0.502035
Total Time: 0.606623
Algorithm converged in 4 iterations.
Initializing Time: 0.137501
Processing Time: 0.481662
Total Time: 0.619178
Algorithm converged in 6 iterations.
Initializing Time: 0.144500
Processing Time: 0.507739
Total Time: 0.652248
Algorithm converged in 7 iterations.
Initializing Time: 0.102640
Processing Time: 0.582718
Total Time: 0.685362
Algorithm converged in 9 iterations.
Initializing Time: 0.106371
Processing Time: 0.612400
Total Time: 0.718775

Total Execution Time for LSS algorithm was: 726.521987 ms

