Finished Processing files with 5 Objects in the image of size 2048x2048
Algorithm converged in 4 iterations.
Initializing Time: 0.113449
Processing Time: 0.437426
Total Time: 0.550882
Algorithm converged in 4 iterations.
Initializing Time: 0.111714
Processing Time: 0.510729
Total Time: 0.622449
Algorithm converged in 7 iterations.
Initializing Time: 0.116749
Processing Time: 0.607117
Total Time: 0.723871
Algorithm converged in 7 iterations.
Initializing Time: 0.111781
Processing Time: 0.610514
Total Time: 0.722300
Algorithm converged in 9 iterations.
Initializing Time: 0.115100
Processing Time: 0.636193
Total Time: 0.751298

Total Execution Time for LSS algorithm was: 763.225158 ms

