Finished Processing files with 5 Objects in the image of size 2048x2048
Algorithm converged in 3 iterations.
Initializing Time: 0.098986
Processing Time: 0.372430
Total Time: 0.471420
Algorithm converged in 4 iterations.
Initializing Time: 0.095127
Processing Time: 0.433346
Total Time: 0.528481
Algorithm converged in 6 iterations.
Initializing Time: 0.129396
Processing Time: 0.514234
Total Time: 0.643634
Algorithm converged in 8 iterations.
Initializing Time: 0.138631
Processing Time: 0.546512
Total Time: 0.685162
Algorithm converged in 9 iterations.
Initializing Time: 0.097055
Processing Time: 0.626093
Total Time: 0.723151

Total Execution Time for LSS algorithm was: 735.454572 ms

