Finished Processing files with 5 Objects in the image of size 2048x2048
Algorithm converged in 4 iterations.
Initializing Time: 0.090410
Processing Time: 0.425178
Total Time: 0.515594
Algorithm converged in 4 iterations.
Initializing Time: 0.088537
Processing Time: 0.486207
Total Time: 0.574751
Algorithm converged in 6 iterations.
Initializing Time: 0.110612
Processing Time: 0.535207
Total Time: 0.645826
Algorithm converged in 7 iterations.
Initializing Time: 0.085580
Processing Time: 0.571465
Total Time: 0.657051
Algorithm converged in 9 iterations.
Initializing Time: 0.109834
Processing Time: 0.598952
Total Time: 0.708790

Total Execution Time for LSS algorithm was: 721.473264 ms

