Finished Processing files with 5 Objects in the image of size 2048x2048
Algorithm converged in 3 iterations.
Initializing Time: 0.106719
Processing Time: 0.431007
Total Time: 0.537730
Algorithm converged in 4 iterations.
Initializing Time: 0.106520
Processing Time: 0.513287
Total Time: 0.619811
Algorithm converged in 6 iterations.
Initializing Time: 0.106349
Processing Time: 0.606694
Total Time: 0.713049
Algorithm converged in 7 iterations.
Initializing Time: 0.085258
Processing Time: 0.653798
Total Time: 0.739060
Algorithm converged in 9 iterations.
Initializing Time: 0.103665
Processing Time: 0.671041
Total Time: 0.774711

Total Execution Time for LSS algorithm was: 788.975623 ms

