Finished Processing files with 5 Objects in the image of size 2048x2048
Algorithm converged in 3 iterations.
Initializing Time: 0.127167
Processing Time: 0.290284
Total Time: 0.417455
Algorithm converged in 4 iterations.
Initializing Time: 0.092128
Processing Time: 0.455034
Total Time: 0.547168
Algorithm converged in 6 iterations.
Initializing Time: 0.131428
Processing Time: 0.507176
Total Time: 0.638611
Algorithm converged in 7 iterations.
Initializing Time: 0.093773
Processing Time: 0.542450
Total Time: 0.636228
Algorithm converged in 9 iterations.
Initializing Time: 0.082322
Processing Time: 0.595166
Total Time: 0.677492

Total Execution Time for LSS algorithm was: 695.505542 ms

