Finished Processing files with 5 Objects in the image of size 2048x2048
Algorithm converged in 3 iterations.
Initializing Time: 0.094084
Processing Time: 0.363321
Total Time: 0.457411
Algorithm converged in 4 iterations.
Initializing Time: 0.097589
Processing Time: 0.463771
Total Time: 0.561365
Algorithm converged in 7 iterations.
Initializing Time: 0.103073
Processing Time: 0.518862
Total Time: 0.621939
Algorithm converged in 6 iterations.
Initializing Time: 0.127680
Processing Time: 0.506797
Total Time: 0.634482
Algorithm converged in 9 iterations.
Initializing Time: 0.126426
Processing Time: 0.574060
Total Time: 0.700490

Total Execution Time for LSS algorithm was: 711.946392 ms

