Finished Processing files with 5 Objects in the image of size 2048x2048
Algorithm converged in 3 iterations.
Initializing Time: 0.077345
Processing Time: 0.418943
Total Time: 0.496295
Algorithm converged in 4 iterations.
Initializing Time: 0.079501
Processing Time: 0.450605
Total Time: 0.530112
Algorithm converged in 6 iterations.
Initializing Time: 0.142056
Processing Time: 0.531304
Total Time: 0.673366
Algorithm converged in 8 iterations.
Initializing Time: 0.097480
Processing Time: 0.607455
Total Time: 0.704941
Algorithm converged in 9 iterations.
Initializing Time: 0.073249
Processing Time: 0.648221
Total Time: 0.721475

Total Execution Time for LSS algorithm was: 729.982932 ms

