Finished Processing files with 5 Objects in the image of size 2048x2048
Algorithm converged in 3 iterations.
Initializing Time: 0.129692
Processing Time: 0.457314
Total Time: 0.587010
Algorithm converged in 4 iterations.
Initializing Time: 0.114850
Processing Time: 0.532691
Total Time: 0.647547
Algorithm converged in 7 iterations.
Initializing Time: 0.130439
Processing Time: 0.676045
Total Time: 0.806489
Algorithm converged in 9 iterations.
Initializing Time: 0.079853
Processing Time: 0.737475
Total Time: 0.817332
Algorithm converged in 7 iterations.
Initializing Time: 0.081213
Processing Time: 0.739235
Total Time: 0.820452

Total Execution Time for LSS algorithm was: 826.536360 ms

