Finished Processing files with 5 Objects in the image of size 2048x2048
Algorithm converged in 4 iterations.
Initializing Time: 0.081607
Processing Time: 0.471822
Total Time: 0.553435
Algorithm converged in 4 iterations.
Initializing Time: 0.084386
Processing Time: 0.580993
Total Time: 0.665387
Algorithm converged in 5 iterations.
Initializing Time: 0.103624
Processing Time: 0.562913
Total Time: 0.666546
Algorithm converged in 6 iterations.
Initializing Time: 0.092287
Processing Time: 0.579686
Total Time: 0.671978
Algorithm converged in 9 iterations.
Initializing Time: 0.112094
Processing Time: 0.659786
Total Time: 0.771884

Total Execution Time for LSS algorithm was: 779.612633 ms

