Finished Processing files with 5 Objects in the image of size 2048x2048
Algorithm converged in 4 iterations.
Initializing Time: 0.094121
Processing Time: 0.458928
Total Time: 0.553055
Algorithm converged in 3 iterations.
Initializing Time: 0.089141
Processing Time: 0.465854
Total Time: 0.555001
Algorithm converged in 4 iterations.
Initializing Time: 0.136937
Processing Time: 0.466093
Total Time: 0.603034
Algorithm converged in 6 iterations.
Initializing Time: 0.128401
Processing Time: 0.515570
Total Time: 0.643976
Algorithm converged in 9 iterations.
Initializing Time: 0.096268
Processing Time: 0.626669
Total Time: 0.722943

Total Execution Time for LSS algorithm was: 730.047434 ms

