Finished Processing files with 5 Objects in the image of size 2048x2048
Algorithm converged in 4 iterations.
Initializing Time: 0.102310
Processing Time: 0.369047
Total Time: 0.471362
Algorithm converged in 3 iterations.
Initializing Time: 0.100461
Processing Time: 0.442485
Total Time: 0.542955
Algorithm converged in 5 iterations.
Initializing Time: 0.103214
Processing Time: 0.508641
Total Time: 0.611861
Algorithm converged in 7 iterations.
Initializing Time: 0.098603
Processing Time: 0.565845
Total Time: 0.664452
Algorithm converged in 9 iterations.
Initializing Time: 0.109985
Processing Time: 0.601894
Total Time: 0.711883

Total Execution Time for LSS algorithm was: 719.205407 ms

