Finished Processing files with 5 Objects in the image of size 2048x2048
Algorithm converged in 4 iterations.
Initializing Time: 0.107155
Processing Time: 0.251734
Total Time: 0.358896
Algorithm converged in 3 iterations.
Initializing Time: 0.109207
Processing Time: 0.339601
Total Time: 0.448812
Algorithm converged in 7 iterations.
Initializing Time: 0.110266
Processing Time: 0.533551
Total Time: 0.643823
Algorithm converged in 7 iterations.
Initializing Time: 0.105778
Processing Time: 0.539930
Total Time: 0.645716
Algorithm converged in 9 iterations.
Initializing Time: 0.112264
Processing Time: 0.583198
Total Time: 0.695466

Total Execution Time for LSS algorithm was: 702.548948 ms

