Finished Processing files with 5 Objects in the image of size 2048x2048
Algorithm converged in 3 iterations.
Initializing Time: 0.095277
Processing Time: 0.370525
Total Time: 0.465808
Algorithm converged in 4 iterations.
Initializing Time: 0.095175
Processing Time: 0.519132
Total Time: 0.614311
Algorithm converged in 7 iterations.
Initializing Time: 0.092934
Processing Time: 0.605956
Total Time: 0.698893
Algorithm converged in 6 iterations.
Initializing Time: 0.116500
Processing Time: 0.589378
Total Time: 0.705883
Algorithm converged in 9 iterations.
Initializing Time: 0.091182
Processing Time: 0.660295
Total Time: 0.751481

Total Execution Time for LSS algorithm was: 764.383168 ms

