Finished Processing files with 5 Objects in the image of size 2048x2048
Algorithm converged in 3 iterations.
Initializing Time: 0.098292
Processing Time: 0.397486
Total Time: 0.495784
Algorithm converged in 4 iterations.
Initializing Time: 0.098056
Processing Time: 0.475459
Total Time: 0.573521
Algorithm converged in 6 iterations.
Initializing Time: 0.096432
Processing Time: 0.539680
Total Time: 0.636119
Algorithm converged in 7 iterations.
Initializing Time: 0.147699
Processing Time: 0.523891
Total Time: 0.671596
Algorithm converged in 9 iterations.
Initializing Time: 0.097517
Processing Time: 0.631180
Total Time: 0.728702

Total Execution Time for LSS algorithm was: 735.991941 ms

