Finished Processing files with 5 Objects in the image of size 2048x2048
Algorithm converged in 4 iterations.
Initializing Time: 0.108397
Processing Time: 0.492722
Total Time: 0.601124
Algorithm converged in 4 iterations.
Initializing Time: 0.103689
Processing Time: 0.517583
Total Time: 0.621279
Algorithm converged in 6 iterations.
Initializing Time: 0.111550
Processing Time: 0.542456
Total Time: 0.654011
Algorithm converged in 6 iterations.
Initializing Time: 0.085150
Processing Time: 0.587365
Total Time: 0.672519
Algorithm converged in 9 iterations.
Initializing Time: 0.088170
Processing Time: 0.651201
Total Time: 0.739376

Total Execution Time for LSS algorithm was: 752.316660 ms

