Finished Processing files with 5 Objects in the image of size 2048x2048
Algorithm converged in 3 iterations.
Initializing Time: 0.113035
Processing Time: 0.349288
Total Time: 0.462331
Algorithm converged in 4 iterations.
Initializing Time: 0.095539
Processing Time: 0.490773
Total Time: 0.586322
Algorithm converged in 6 iterations.
Initializing Time: 0.090643
Processing Time: 0.537603
Total Time: 0.628251
Algorithm converged in 7 iterations.
Initializing Time: 0.128366
Processing Time: 0.553996
Total Time: 0.682367
Algorithm converged in 9 iterations.
Initializing Time: 0.108424
Processing Time: 0.590928
Total Time: 0.699357

Total Execution Time for LSS algorithm was: 708.937132 ms

