Finished Processing files with 5 Objects in the image of size 2048x2048
Algorithm converged in 4 iterations.
Initializing Time: 0.104153
Processing Time: 0.506887
Total Time: 0.611044
Algorithm converged in 4 iterations.
Initializing Time: 0.134066
Processing Time: 0.510874
Total Time: 0.644946
Algorithm converged in 6 iterations.
Initializing Time: 0.141304
Processing Time: 0.563273
Total Time: 0.704585
Algorithm converged in 6 iterations.
Initializing Time: 0.143371
Processing Time: 0.584672
Total Time: 0.728047
Algorithm converged in 9 iterations.
Initializing Time: 0.089151
Processing Time: 0.666718
Total Time: 0.755873

Total Execution Time for LSS algorithm was: 768.617807 ms

