Finished Processing files with 5 Objects in the image of size 2048x2048
Algorithm converged in 3 iterations.
Initializing Time: 0.095694
Processing Time: 0.338055
Total Time: 0.433753
Algorithm converged in 5 iterations.
Initializing Time: 0.116555
Processing Time: 0.439780
Total Time: 0.556341
Algorithm converged in 4 iterations.
Initializing Time: 0.088686
Processing Time: 0.469507
Total Time: 0.558198
Algorithm converged in 8 iterations.
Initializing Time: 0.117825
Processing Time: 0.536206
Total Time: 0.654036
Algorithm converged in 9 iterations.
Initializing Time: 0.091324
Processing Time: 0.582391
Total Time: 0.673719

Total Execution Time for LSS algorithm was: 686.462601 ms

