Finished Processing files with 5 Objects in the image of size 2048x2048
Algorithm converged in 3 iterations.
Initializing Time: 0.099918
Processing Time: 0.425127
Total Time: 0.525050
Algorithm converged in 4 iterations.
Initializing Time: 0.099311
Processing Time: 0.507590
Total Time: 0.606907
Algorithm converged in 6 iterations.
Initializing Time: 0.106681
Processing Time: 0.544817
Total Time: 0.651505
Algorithm converged in 7 iterations.
Initializing Time: 0.097663
Processing Time: 0.593780
Total Time: 0.691448
Algorithm converged in 9 iterations.
Initializing Time: 0.111023
Processing Time: 0.607841
Total Time: 0.718867

Total Execution Time for LSS algorithm was: 731.809617 ms

