Finished Processing files with 5 Objects in the image of size 2048x2048
Algorithm converged in 3 iterations.
Initializing Time: 0.100014
Processing Time: 0.353494
Total Time: 0.453512
Algorithm converged in 4 iterations.
Initializing Time: 0.096774
Processing Time: 0.435675
Total Time: 0.532454
Algorithm converged in 7 iterations.
Initializing Time: 0.098748
Processing Time: 0.540599
Total Time: 0.639352
Algorithm converged in 6 iterations.
Initializing Time: 0.118122
Processing Time: 0.544458
Total Time: 0.662586
Algorithm converged in 9 iterations.
Initializing Time: 0.098819
Processing Time: 0.593475
Total Time: 0.692298

Total Execution Time for LSS algorithm was: 701.040253 ms

