Finished Processing files with 5 Objects in the image of size 2048x2048
Algorithm converged in 3 iterations.
Initializing Time: 0.120979
Processing Time: 0.397622
Total Time: 0.518609
Algorithm converged in 3 iterations.
Initializing Time: 0.125051
Processing Time: 0.397267
Total Time: 0.522322
Algorithm converged in 6 iterations.
Initializing Time: 0.122989
Processing Time: 0.521409
Total Time: 0.644403
Algorithm converged in 6 iterations.
Initializing Time: 0.116567
Processing Time: 0.532215
Total Time: 0.648787
Algorithm converged in 9 iterations.
Initializing Time: 0.114634
Processing Time: 0.581747
Total Time: 0.696386

Total Execution Time for LSS algorithm was: 704.445504 ms

