Finished Processing files with 5 Objects in the image of size 2048x2048
Algorithm converged in 4 iterations.
Initializing Time: 0.090361
Processing Time: 0.535814
Total Time: 0.626182
Algorithm converged in 4 iterations.
Initializing Time: 0.105732
Processing Time: 0.590535
Total Time: 0.696272
Algorithm converged in 6 iterations.
Initializing Time: 0.174315
Processing Time: 0.628516
Total Time: 0.802836
Algorithm converged in 7 iterations.
Initializing Time: 0.101234
Processing Time: 0.733953
Total Time: 0.835191
Algorithm converged in 9 iterations.
Initializing Time: 0.097299
Processing Time: 0.739141
Total Time: 0.836447

Total Execution Time for LSS algorithm was: 847.823248 ms

