Finished Processing files with 5 Objects in the image of size 2048x2048
Algorithm converged in 3 iterations.
Initializing Time: 0.094620
Processing Time: 0.432829
Total Time: 0.527456
Algorithm converged in 4 iterations.
Initializing Time: 0.097304
Processing Time: 0.487656
Total Time: 0.584965
Algorithm converged in 5 iterations.
Initializing Time: 0.097410
Processing Time: 0.516689
Total Time: 0.614103
Algorithm converged in 7 iterations.
Initializing Time: 0.095560
Processing Time: 0.554167
Total Time: 0.649732
Algorithm converged in 9 iterations.
Initializing Time: 0.097416
Processing Time: 0.618605
Total Time: 0.716024

Total Execution Time for LSS algorithm was: 728.133137 ms

